{"meta": {"format": 3, "version": "7.8.0", "timestamp": "2025-06-06T08:09:23.461029", "branch_coverage": true, "show_contexts": false}, "files": {"src/clarity/__init__.py": {"executed_lines": [1, 7, 8, 9, 13], "summary": {"covered_lines": 4, "num_statements": 4, "percent_covered": 100.0, "percent_covered_display": "100", "missing_lines": 0, "excluded_lines": 0, "num_branches": 0, "num_partial_branches": 0, "covered_branches": 0, "missing_branches": 0}, "missing_lines": [], "excluded_lines": [], "executed_branches": [], "missing_branches": [], "functions": {"": {"executed_lines": [1, 7, 8, 9, 13], "summary": {"covered_lines": 4, "num_statements": 4, "percent_covered": 100.0, "percent_covered_display": "100", "missing_lines": 0, "excluded_lines": 0, "num_branches": 0, "num_partial_branches": 0, "covered_branches": 0, "missing_branches": 0}, "missing_lines": [], "excluded_lines": [], "executed_branches": [], "missing_branches": []}}, "classes": {"": {"executed_lines": [1, 7, 8, 9, 13], "summary": {"covered_lines": 4, "num_statements": 4, "percent_covered": 100.0, "percent_covered_display": "100", "missing_lines": 0, "excluded_lines": 0, "num_branches": 0, "num_partial_branches": 0, "covered_branches": 0, "missing_branches": 0}, "missing_lines": [], "excluded_lines": [], "executed_branches": [], "missing_branches": []}}}, "src/clarity/api/__init__.py": {"executed_lines": [1, 10, 11, 14, 16], "summary": {"covered_lines": 4, "num_statements": 4, "percent_covered": 100.0, "percent_covered_display": "100", "missing_lines": 0, "excluded_lines": 0, "num_branches": 0, "num_partial_branches": 0, "covered_branches": 0, "missing_branches": 0}, "missing_lines": [], "excluded_lines": [], "executed_branches": [], "missing_branches": [], "functions": {"": {"executed_lines": [1, 10, 11, 14, 16], "summary": {"covered_lines": 4, "num_statements": 4, "percent_covered": 100.0, "percent_covered_display": "100", "missing_lines": 0, "excluded_lines": 0, "num_branches": 0, "num_partial_branches": 0, "covered_branches": 0, "missing_branches": 0}, "missing_lines": [], "excluded_lines": [], "executed_branches": [], "missing_branches": []}}, "classes": {"": {"executed_lines": [1, 10, 11, 14, 16], "summary": {"covered_lines": 4, "num_statements": 4, "percent_covered": 100.0, "percent_covered_display": "100", "missing_lines": 0, "excluded_lines": 0, "num_branches": 0, "num_partial_branches": 0, "covered_branches": 0, "missing_branches": 0}, "missing_lines": [], "excluded_lines": [], "executed_branches": [], "missing_branches": []}}}, "src/clarity/api/v1/__init__.py": {"executed_lines": [1, 13, 15, 16, 17, 18, 19, 22, 25, 28, 31, 34, 37, 39], "summary": {"covered_lines": 13, "num_statements": 13, "percent_covered": 100.0, "percent_covered_display": "100", "missing_lines": 0, "excluded_lines": 0, "num_branches": 0, "num_partial_branches": 0, "covered_branches": 0, "missing_branches": 0}, "missing_lines": [], "excluded_lines": [], "executed_branches": [], "missing_branches": [], "functions": {"": {"executed_lines": [1, 13, 15, 16, 17, 18, 19, 22, 25, 28, 31, 34, 37, 39], "summary": {"covered_lines": 13, "num_statements": 13, "percent_covered": 100.0, "percent_covered_display": "100", "missing_lines": 0, "excluded_lines": 0, "num_branches": 0, "num_partial_branches": 0, "covered_branches": 0, "missing_branches": 0}, "missing_lines": [], "excluded_lines": [], "executed_branches": [], "missing_branches": []}}, "classes": {"": {"executed_lines": [1, 13, 15, 16, 17, 18, 19, 22, 25, 28, 31, 34, 37, 39], "summary": {"covered_lines": 13, "num_statements": 13, "percent_covered": 100.0, "percent_covered_display": "100", "missing_lines": 0, "excluded_lines": 0, "num_branches": 0, "num_partial_branches": 0, "covered_branches": 0, "missing_branches": 0}, "missing_lines": [], "excluded_lines": [], "executed_branches": [], "missing_branches": []}}}, "src/clarity/api/v1/auth.py": {"executed_lines": [1, 10, 11, 13, 14, 15, 17, 18, 29, 30, 31, 40, 43, 46, 49, 52, 53, 54, 57, 70, 71, 74, 76, 82, 86, 95, 100, 102, 107, 110, 112, 124, 136, 145, 147, 148, 150, 155, 156, 157, 172, 193, 194, 195, 203, 204, 207, 220, 229, 231, 232, 233, 235, 241, 242, 243, 291, 292, 295, 306, 314, 316, 317, 339, 340, 343, 353, 361, 363, 364, 366, 367, 368, 390, 393, 405, 440, 450, 487, 493, 495, 497, 520], "summary": {"covered_lines": 82, "num_statements": 135, "percent_covered": 59.183673469387756, "percent_covered_display": "59", "missing_lines": 53, "excluded_lines": 0, "num_branches": 12, "num_partial_branches": 3, "covered_branches": 5, "missing_branches": 7}, "missing_lines": [88, 90, 103, 173, 175, 184, 251, 252, 253, 261, 262, 263, 271, 272, 273, 281, 282, 283, 319, 320, 321, 329, 330, 331, 370, 378, 379, 380, 413, 415, 416, 418, 419, 427, 428, 429, 437, 458, 460, 461, 463, 464, 465, 467, 475, 476, 477, 499, 500, 501, 509, 510, 511], "excluded_lines": [], "executed_branches": [[74, 76], [74, 82], [86, 95], [102, 107], [366, 367]], "missing_branches": [[86, 88], [102, 103], [366, 370], [418, 419], [418, 437], [463, 464], [463, 467]], "functions": {"set_dependencies": {"executed_lines": [70, 71, 74, 76, 82, 86, 95], "summary": {"covered_lines": 7, "num_statements": 9, "percent_covered": 76.92307692307692, "percent_covered_display": "77", "missing_lines": 2, "excluded_lines": 0, "num_branches": 4, "num_partial_branches": 1, "covered_branches": 3, "missing_branches": 1}, "missing_lines": [88, 90], "excluded_lines": [], "executed_branches": [[74, 76], [74, 82], [86, 95]], "missing_branches": [[86, 88]]}, "get_auth_service": {"executed_lines": [102, 107], "summary": {"covered_lines": 2, "num_statements": 3, "percent_covered": 60.0, "percent_covered_display": "60", "missing_lines": 1, "excluded_lines": 0, "num_branches": 2, "num_partial_branches": 1, "covered_branches": 1, "missing_branches": 1}, "missing_lines": [103], "excluded_lines": [], "executed_branches": [[102, 107]], "missing_branches": [[102, 103]]}, "get_device_info": {"executed_lines": [112], "summary": {"covered_lines": 1, "num_statements": 1, "percent_covered": 100.0, "percent_covered_display": "100", "missing_lines": 0, "excluded_lines": 0, "num_branches": 0, "num_partial_branches": 0, "covered_branches": 0, "missing_branches": 0}, "missing_lines": [], "excluded_lines": [], "executed_branches": [], "missing_branches": []}, "register_user": {"executed_lines": [145, 147, 148, 150, 155, 156, 157, 172, 193, 194, 195, 203, 204], "summary": {"covered_lines": 13, "num_statements": 16, "percent_covered": 81.25, "percent_covered_display": "81", "missing_lines": 3, "excluded_lines": 0, "num_branches": 0, "num_partial_branches": 0, "covered_branches": 0, "missing_branches": 0}, "missing_lines": [173, 175, 184], "excluded_lines": [], "executed_branches": [], "missing_branches": []}, "login_user": {"executed_lines": [229, 231, 232, 233, 235, 241, 242, 243, 291, 292], "summary": {"covered_lines": 10, "num_statements": 22, "percent_covered": 45.45454545454545, "percent_covered_display": "45", "missing_lines": 12, "excluded_lines": 0, "num_branches": 0, "num_partial_branches": 0, "covered_branches": 0, "missing_branches": 0}, "missing_lines": [251, 252, 253, 261, 262, 263, 271, 272, 273, 281, 282, 283], "excluded_lines": [], "executed_branches": [], "missing_branches": []}, "refresh_token": {"executed_lines": [314, 316, 317, 339, 340], "summary": {"covered_lines": 5, "num_statements": 11, "percent_covered": 45.45454545454545, "percent_covered_display": "45", "missing_lines": 6, "excluded_lines": 0, "num_branches": 0, "num_partial_branches": 0, "covered_branches": 0, "missing_branches": 0}, "missing_lines": [319, 320, 321, 329, 330, 331], "excluded_lines": [], "executed_branches": [], "missing_branches": []}, "logout_user": {"executed_lines": [361, 363, 364, 366, 367, 368], "summary": {"covered_lines": 6, "num_statements": 10, "percent_covered": 58.333333333333336, "percent_covered_display": "58", "missing_lines": 4, "excluded_lines": 0, "num_branches": 2, "num_partial_branches": 1, "covered_branches": 1, "missing_branches": 1}, "missing_lines": [370, 378, 379, 380], "excluded_lines": [], "executed_branches": [[366, 367]], "missing_branches": [[366, 370]]}, "get_current_user_info": {"executed_lines": [], "summary": {"covered_lines": 0, "num_statements": 9, "percent_covered": 0.0, "percent_covered_display": "0", "missing_lines": 9, "excluded_lines": 0, "num_branches": 2, "num_partial_branches": 0, "covered_branches": 0, "missing_branches": 2}, "missing_lines": [413, 415, 416, 418, 419, 427, 428, 429, 437], "excluded_lines": [], "executed_branches": [], "missing_branches": [[418, 419], [418, 437]]}, "verify_email": {"executed_lines": [], "summary": {"covered_lines": 0, "num_statements": 10, "percent_covered": 0.0, "percent_covered_display": "0", "missing_lines": 10, "excluded_lines": 0, "num_branches": 2, "num_partial_branches": 0, "covered_branches": 0, "missing_branches": 2}, "missing_lines": [458, 460, 461, 463, 464, 465, 467, 475, 476, 477], "excluded_lines": [], "executed_branches": [], "missing_branches": [[463, 464], [463, 467]]}, "auth_health_check": {"executed_lines": [495, 497, 520], "summary": {"covered_lines": 3, "num_statements": 9, "percent_covered": 33.333333333333336, "percent_covered_display": "33", "missing_lines": 6, "excluded_lines": 0, "num_branches": 0, "num_partial_branches": 0, "covered_branches": 0, "missing_branches": 0}, "missing_lines": [499, 500, 501, 509, 510, 511], "excluded_lines": [], "executed_branches": [], "missing_branches": []}, "": {"executed_lines": [1, 10, 11, 13, 14, 15, 17, 18, 29, 30, 31, 40, 43, 46, 49, 52, 53, 54, 57, 100, 110, 124, 136, 207, 220, 295, 306, 343, 353, 390, 393, 405, 440, 450, 487, 493], "summary": {"covered_lines": 35, "num_statements": 35, "percent_covered": 100.0, "percent_covered_display": "100", "missing_lines": 0, "excluded_lines": 0, "num_branches": 0, "num_partial_branches": 0, "covered_branches": 0, "missing_branches": 0}, "missing_lines": [], "excluded_lines": [], "executed_branches": [], "missing_branches": []}}, "classes": {"": {"executed_lines": [1, 10, 11, 13, 14, 15, 17, 18, 29, 30, 31, 40, 43, 46, 49, 52, 53, 54, 57, 70, 71, 74, 76, 82, 86, 95, 100, 102, 107, 110, 112, 124, 136, 145, 147, 148, 150, 155, 156, 157, 172, 193, 194, 195, 203, 204, 207, 220, 229, 231, 232, 233, 235, 241, 242, 243, 291, 292, 295, 306, 314, 316, 317, 339, 340, 343, 353, 361, 363, 364, 366, 367, 368, 390, 393, 405, 440, 450, 487, 493, 495, 497, 520], "summary": {"covered_lines": 82, "num_statements": 135, "percent_covered": 59.183673469387756, "percent_covered_display": "59", "missing_lines": 53, "excluded_lines": 0, "num_branches": 12, "num_partial_branches": 3, "covered_branches": 5, "missing_branches": 7}, "missing_lines": [88, 90, 103, 173, 175, 184, 251, 252, 253, 261, 262, 263, 271, 272, 273, 281, 282, 283, 319, 320, 321, 329, 330, 331, 370, 378, 379, 380, 413, 415, 416, 418, 419, 427, 428, 429, 437, 458, 460, 461, 463, 464, 465, 467, 475, 476, 477, 499, 500, 501, 509, 510, 511], "excluded_lines": [], "executed_branches": [[74, 76], [74, 82], [86, 95], [102, 107], [366, 367]], "missing_branches": [[86, 88], [102, 103], [366, 370], [418, 419], [418, 437], [463, 464], [463, 467]]}}}, "src/clarity/api/v1/gemini_insights.py": {"executed_lines": [1, 10, 11, 12, 13, 14, 16, 17, 19, 20, 21, 26, 27, 28, 30, 33, 36, 37, 38, 41, 49, 50, 53, 59, 60, 63, 74, 75, 77, 80, 83, 87, 90, 93, 94, 96, 97, 98, 101, 102, 104, 105, 106, 109, 110, 112, 113, 114, 118, 119, 121, 122, 123, 124, 125, 126, 129, 130, 132, 136, 139, 144, 161, 173, 190, 202, 214, 235, 242, 324, 330, 405, 411, 513, 519, 581, 588], "summary": {"covered_lines": 70, "num_statements": 147, "percent_covered": 44.099378881987576, "percent_covered_display": "44", "missing_lines": 77, "excluded_lines": 0, "num_branches": 14, "num_partial_branches": 1, "covered_branches": 1, "missing_branches": 13}, "missing_lines": [54, 56, 65, 66, 67, 70, 141, 148, 155, 156, 158, 163, 177, 192, 204, 223, 232, 263, 264, 266, 267, 275, 276, 279, 287, 290, 292, 299, 305, 306, 307, 314, 346, 348, 349, 357, 358, 362, 363, 366, 367, 370, 379, 385, 386, 387, 388, 395, 431, 433, 434, 441, 442, 445, 446, 456, 462, 478, 490, 494, 495, 496, 497, 503, 533, 535, 536, 539, 540, 551, 558, 564, 568, 569, 571, 583, 584], "excluded_lines": [], "executed_branches": [[53, 59]], "missing_branches": [[53, 54], [65, 66], [65, 70], [155, 156], [155, 158], [275, 276], [275, 279], [362, 363], [362, 366], [366, 367], [366, 370], [441, 442], [441, 445]], "functions": {"set_dependencies": {"executed_lines": [49, 50, 53, 59, 60], "summary": {"covered_lines": 5, "num_statements": 7, "percent_covered": 66.66666666666667, "percent_covered_display": "67", "missing_lines": 2, "excluded_lines": 0, "num_branches": 2, "num_partial_branches": 1, "covered_branches": 1, "missing_branches": 1}, "missing_lines": [54, 56], "excluded_lines": [], "executed_branches": [[53, 59]], "missing_branches": [[53, 54]]}, "get_gemini_service": {"executed_lines": [], "summary": {"covered_lines": 0, "num_statements": 4, "percent_covered": 0.0, "percent_covered_display": "0", "missing_lines": 4, "excluded_lines": 0, "num_branches": 2, "num_partial_branches": 0, "covered_branches": 0, "missing_branches": 2}, "missing_lines": [65, 66, 67, 70], "excluded_lines": [], "executed_branches": [], "missing_branches": [[65, 66], [65, 70]]}, "generate_request_id": {"executed_lines": [], "summary": {"covered_lines": 0, "num_statements": 1, "percent_covered": 0.0, "percent_covered_display": "0", "missing_lines": 1, "excluded_lines": 0, "num_branches": 0, "num_partial_branches": 0, "covered_branches": 0, "missing_branches": 0}, "missing_lines": [141], "excluded_lines": [], "executed_branches": [], "missing_branches": []}, "create_metadata": {"executed_lines": [], "summary": {"covered_lines": 0, "num_statements": 4, "percent_covered": 0.0, "percent_covered_display": "0", "missing_lines": 4, "excluded_lines": 0, "num_branches": 2, "num_partial_branches": 0, "covered_branches": 0, "missing_branches": 2}, "missing_lines": [148, 155, 156, 158], "excluded_lines": [], "executed_branches": [], "missing_branches": [[155, 156], [155, 158]]}, "_raise_account_disabled_error": {"executed_lines": [], "summary": {"covered_lines": 0, "num_statements": 1, "percent_covered": 0.0, "percent_covered_display": "0", "missing_lines": 1, "excluded_lines": 0, "num_branches": 0, "num_partial_branches": 0, "covered_branches": 0, "missing_branches": 0}, "missing_lines": [163], "excluded_lines": [], "executed_branches": [], "missing_branches": []}, "_raise_access_denied_error": {"executed_lines": [], "summary": {"covered_lines": 0, "num_statements": 1, "percent_covered": 0.0, "percent_covered_display": "0", "missing_lines": 1, "excluded_lines": 0, "num_branches": 0, "num_partial_branches": 0, "covered_branches": 0, "missing_branches": 0}, "missing_lines": [177], "excluded_lines": [], "executed_branches": [], "missing_branches": []}, "_raise_insight_not_found_error": {"executed_lines": [], "summary": {"covered_lines": 0, "num_statements": 1, "percent_covered": 0.0, "percent_covered_display": "0", "missing_lines": 1, "excluded_lines": 0, "num_branches": 0, "num_partial_branches": 0, "covered_branches": 0, "missing_branches": 0}, "missing_lines": [192], "excluded_lines": [], "executed_branches": [], "missing_branches": []}, "_raise_insight_access_denied_error": {"executed_lines": [], "summary": {"covered_lines": 0, "num_statements": 1, "percent_covered": 0.0, "percent_covered_display": "0", "missing_lines": 1, "excluded_lines": 0, "num_branches": 0, "num_partial_branches": 0, "covered_branches": 0, "missing_branches": 0}, "missing_lines": [204], "excluded_lines": [], "executed_branches": [], "missing_branches": []}, "create_error_response": {"executed_lines": [], "summary": {"covered_lines": 0, "num_statements": 2, "percent_covered": 0.0, "percent_covered_display": "0", "missing_lines": 2, "excluded_lines": 0, "num_branches": 0, "num_partial_branches": 0, "covered_branches": 0, "missing_branches": 0}, "missing_lines": [223, 232], "excluded_lines": [], "executed_branches": [], "missing_branches": []}, "generate_insights": {"executed_lines": [], "summary": {"covered_lines": 0, "num_statements": 15, "percent_covered": 0.0, "percent_covered_display": "0", "missing_lines": 15, "excluded_lines": 0, "num_branches": 2, "num_partial_branches": 0, "covered_branches": 0, "missing_branches": 2}, "missing_lines": [263, 264, 266, 267, 275, 276, 279, 287, 290, 292, 299, 305, 306, 307, 314], "excluded_lines": [], "executed_branches": [], "missing_branches": [[275, 276], [275, 279]]}, "get_insight": {"executed_lines": [], "summary": {"covered_lines": 0, "num_statements": 16, "percent_covered": 0.0, "percent_covered_display": "0", "missing_lines": 16, "excluded_lines": 0, "num_branches": 4, "num_partial_branches": 0, "covered_branches": 0, "missing_branches": 4}, "missing_lines": [346, 348, 349, 357, 358, 362, 363, 366, 367, 370, 379, 385, 386, 387, 388, 395], "excluded_lines": [], "executed_branches": [], "missing_branches": [[362, 363], [362, 366], [366, 367], [366, 370]]}, "get_insight_history": {"executed_lines": [], "summary": {"covered_lines": 0, "num_statements": 16, "percent_covered": 0.0, "percent_covered_display": "0", "missing_lines": 16, "excluded_lines": 0, "num_branches": 2, "num_partial_branches": 0, "covered_branches": 0, "missing_branches": 2}, "missing_lines": [431, 433, 434, 441, 442, 445, 446, 456, 462, 478, 490, 494, 495, 496, 497, 503], "excluded_lines": [], "executed_branches": [], "missing_branches": [[441, 442], [441, 445]]}, "get_service_status": {"executed_lines": [], "summary": {"covered_lines": 0, "num_statements": 11, "percent_covered": 0.0, "percent_covered_display": "0", "missing_lines": 11, "excluded_lines": 0, "num_branches": 0, "num_partial_branches": 0, "covered_branches": 0, "missing_branches": 0}, "missing_lines": [533, 535, 536, 539, 540, 551, 558, 564, 568, 569, 571], "excluded_lines": [], "executed_branches": [], "missing_branches": []}, "_get_firestore_client": {"executed_lines": [], "summary": {"covered_lines": 0, "num_statements": 2, "percent_covered": 0.0, "percent_covered_display": "0", "missing_lines": 2, "excluded_lines": 0, "num_branches": 0, "num_partial_branches": 0, "covered_branches": 0, "missing_branches": 0}, "missing_lines": [583, 584], "excluded_lines": [], "executed_branches": [], "missing_branches": []}, "": {"executed_lines": [1, 10, 11, 12, 13, 14, 16, 17, 19, 20, 21, 26, 27, 28, 30, 33, 36, 37, 38, 41, 63, 74, 75, 77, 80, 83, 87, 90, 93, 94, 96, 97, 98, 101, 102, 104, 105, 106, 109, 110, 112, 113, 114, 118, 119, 121, 122, 123, 124, 125, 126, 129, 130, 132, 136, 139, 144, 161, 173, 190, 202, 214, 235, 242, 324, 330, 405, 411, 513, 519, 581, 588], "summary": {"covered_lines": 65, "num_statements": 65, "percent_covered": 100.0, "percent_covered_display": "100", "missing_lines": 0, "excluded_lines": 0, "num_branches": 0, "num_partial_branches": 0, "covered_branches": 0, "missing_branches": 0}, "missing_lines": [], "excluded_lines": [], "executed_branches": [], "missing_branches": []}}, "classes": {"InsightGenerationRequest": {"executed_lines": [], "summary": {"covered_lines": 0, "num_statements": 0, "percent_covered": 100.0, "percent_covered_display": "100", "missing_lines": 0, "excluded_lines": 0, "num_branches": 0, "num_partial_branches": 0, "covered_branches": 0, "missing_branches": 0}, "missing_lines": [], "excluded_lines": [], "executed_branches": [], "missing_branches": []}, "InsightGenerationResponse": {"executed_lines": [], "summary": {"covered_lines": 0, "num_statements": 0, "percent_covered": 100.0, "percent_covered_display": "100", "missing_lines": 0, "excluded_lines": 0, "num_branches": 0, "num_partial_branches": 0, "covered_branches": 0, "missing_branches": 0}, "missing_lines": [], "excluded_lines": [], "executed_branches": [], "missing_branches": []}, "InsightHistoryResponse": {"executed_lines": [], "summary": {"covered_lines": 0, "num_statements": 0, "percent_covered": 100.0, "percent_covered_display": "100", "missing_lines": 0, "excluded_lines": 0, "num_branches": 0, "num_partial_branches": 0, "covered_branches": 0, "missing_branches": 0}, "missing_lines": [], "excluded_lines": [], "executed_branches": [], "missing_branches": []}, "ServiceStatusResponse": {"executed_lines": [], "summary": {"covered_lines": 0, "num_statements": 0, "percent_covered": 100.0, "percent_covered_display": "100", "missing_lines": 0, "excluded_lines": 0, "num_branches": 0, "num_partial_branches": 0, "covered_branches": 0, "missing_branches": 0}, "missing_lines": [], "excluded_lines": [], "executed_branches": [], "missing_branches": []}, "ErrorDetail": {"executed_lines": [], "summary": {"covered_lines": 0, "num_statements": 0, "percent_covered": 100.0, "percent_covered_display": "100", "missing_lines": 0, "excluded_lines": 0, "num_branches": 0, "num_partial_branches": 0, "covered_branches": 0, "missing_branches": 0}, "missing_lines": [], "excluded_lines": [], "executed_branches": [], "missing_branches": []}, "ErrorResponse": {"executed_lines": [], "summary": {"covered_lines": 0, "num_statements": 0, "percent_covered": 100.0, "percent_covered_display": "100", "missing_lines": 0, "excluded_lines": 0, "num_branches": 0, "num_partial_branches": 0, "covered_branches": 0, "missing_branches": 0}, "missing_lines": [], "excluded_lines": [], "executed_branches": [], "missing_branches": []}, "": {"executed_lines": [1, 10, 11, 12, 13, 14, 16, 17, 19, 20, 21, 26, 27, 28, 30, 33, 36, 37, 38, 41, 49, 50, 53, 59, 60, 63, 74, 75, 77, 80, 83, 87, 90, 93, 94, 96, 97, 98, 101, 102, 104, 105, 106, 109, 110, 112, 113, 114, 118, 119, 121, 122, 123, 124, 125, 126, 129, 130, 132, 136, 139, 144, 161, 173, 190, 202, 214, 235, 242, 324, 330, 405, 411, 513, 519, 581, 588], "summary": {"covered_lines": 70, "num_statements": 147, "percent_covered": 44.099378881987576, "percent_covered_display": "44", "missing_lines": 77, "excluded_lines": 0, "num_branches": 14, "num_partial_branches": 1, "covered_branches": 1, "missing_branches": 13}, "missing_lines": [54, 56, 65, 66, 67, 70, 141, 148, 155, 156, 158, 163, 177, 192, 204, 223, 232, 263, 264, 266, 267, 275, 276, 279, 287, 290, 292, 299, 305, 306, 307, 314, 346, 348, 349, 357, 358, 362, 363, 366, 367, 370, 379, 385, 386, 387, 388, 395, 431, 433, 434, 441, 442, 445, 446, 456, 462, 478, 490, 494, 495, 496, 497, 503, 533, 535, 536, 539, 540, 551, 558, 564, 568, 569, 571, 583, 584], "excluded_lines": [], "executed_branches": [[53, 59]], "missing_branches": [[53, 54], [65, 66], [65, 70], [155, 156], [155, 158], [275, 276], [275, 279], [362, 363], [362, 366], [366, 367], [366, 370], [441, 442], [441, 445]]}}}, "src/clarity/api/v1/health_data.py": {"executed_lines": [1, 15, 16, 17, 18, 19, 20, 22, 23, 25, 26, 33, 38, 39, 40, 41, 42, 46, 49, 52, 55, 56, 57, 58, 62, 68, 74, 75, 77, 78, 79, 80, 82, 89, 90, 91, 92, 96, 99, 109, 112, 118, 123, 126, 135, 144, 187, 188, 272, 298, 299, 332, 386, 387, 492, 506, 507, 551, 571, 572, 609, 631, 633, 635, 638, 646, 647, 648, 657, 658, 659, 669, 674, 676, 677], "summary": {"covered_lines": 73, "num_statements": 198, "percent_covered": 34.234234234234236, "percent_covered_display": "34", "missing_lines": 125, "excluded_lines": 0, "num_branches": 24, "num_partial_branches": 3, "covered_branches": 3, "missing_branches": 21}, "missing_lines": [64, 65, 70, 119, 128, 129, 132, 137, 138, 141, 194, 195, 198, 199, 202, 203, 206, 208, 209, 210, 213, 214, 215, 216, 219, 228, 231, 232, 233, 237, 238, 248, 252, 254, 255, 256, 257, 263, 264, 265, 269, 305, 306, 312, 316, 317, 319, 320, 322, 323, 324, 325, 326, 327, 406, 407, 412, 417, 418, 419, 420, 421, 422, 423, 424, 425, 429, 439, 440, 441, 443, 453, 456, 460, 471, 472, 474, 475, 476, 482, 483, 484, 485, 486, 487, 517, 518, 522, 532, 538, 539, 541, 542, 543, 544, 545, 546, 578, 579, 585, 589, 590, 592, 593, 599, 600, 601, 602, 603, 604, 650, 651, 652, 653, 654, 655, 661, 662, 663, 664, 665, 666, 679, 680, 681], "excluded_lines": [], "executed_branches": [[118, 123], [647, 648], [658, 659]], "missing_branches": [[118, 119], [128, 129], [128, 132], [137, 138], [137, 141], [198, 199], [198, 202], [316, 317], [316, 319], [418, 419], [418, 420], [420, 421], [420, 422], [422, 423], [422, 424], [424, 425], [424, 429], [589, 590], [589, 592], [647, 650], [658, 661]], "functions": {"_raise_authorization_error": {"executed_lines": [], "summary": {"covered_lines": 0, "num_statements": 2, "percent_covered": 0.0, "percent_covered_display": "0", "missing_lines": 2, "excluded_lines": 0, "num_branches": 0, "num_partial_branches": 0, "covered_branches": 0, "missing_branches": 0}, "missing_lines": [64, 65], "excluded_lines": [], "executed_branches": [], "missing_branches": []}, "_raise_not_found_error": {"executed_lines": [], "summary": {"covered_lines": 0, "num_statements": 1, "percent_covered": 0.0, "percent_covered_display": "0", "missing_lines": 1, "excluded_lines": 0, "num_branches": 0, "num_partial_branches": 0, "covered_branches": 0, "missing_branches": 0}, "missing_lines": [70], "excluded_lines": [], "executed_branches": [], "missing_branches": []}, "DependencyContainer.__init__": {"executed_lines": [78, 79, 80], "summary": {"covered_lines": 3, "num_statements": 3, "percent_covered": 100.0, "percent_covered_display": "100", "missing_lines": 0, "excluded_lines": 0, "num_branches": 0, "num_partial_branches": 0, "covered_branches": 0, "missing_branches": 0}, "missing_lines": [], "excluded_lines": [], "executed_branches": [], "missing_branches": []}, "DependencyContainer.set_dependencies": {"executed_lines": [89, 90, 91, 92], "summary": {"covered_lines": 4, "num_statements": 4, "percent_covered": 100.0, "percent_covered_display": "100", "missing_lines": 0, "excluded_lines": 0, "num_branches": 0, "num_partial_branches": 0, "covered_branches": 0, "missing_branches": 0}, "missing_lines": [], "excluded_lines": [], "executed_branches": [], "missing_branches": []}, "set_dependencies": {"executed_lines": [109], "summary": {"covered_lines": 1, "num_statements": 1, "percent_covered": 100.0, "percent_covered_display": "100", "missing_lines": 0, "excluded_lines": 0, "num_branches": 0, "num_partial_branches": 0, "covered_branches": 0, "missing_branches": 0}, "missing_lines": [], "excluded_lines": [], "executed_branches": [], "missing_branches": []}, "get_health_data_service": {"executed_lines": [118, 123], "summary": {"covered_lines": 2, "num_statements": 3, "percent_covered": 60.0, "percent_covered_display": "60", "missing_lines": 1, "excluded_lines": 0, "num_branches": 2, "num_partial_branches": 1, "covered_branches": 1, "missing_branches": 1}, "missing_lines": [119], "excluded_lines": [], "executed_branches": [[118, 123]], "missing_branches": [[118, 119]]}, "get_auth_provider": {"executed_lines": [], "summary": {"covered_lines": 0, "num_statements": 3, "percent_covered": 0.0, "percent_covered_display": "0", "missing_lines": 3, "excluded_lines": 0, "num_branches": 2, "num_partial_branches": 0, "covered_branches": 0, "missing_branches": 2}, "missing_lines": [128, 129, 132], "excluded_lines": [], "executed_branches": [], "missing_branches": [[128, 129], [128, 132]]}, "get_config_provider": {"executed_lines": [], "summary": {"covered_lines": 0, "num_statements": 3, "percent_covered": 0.0, "percent_covered_display": "0", "missing_lines": 3, "excluded_lines": 0, "num_branches": 2, "num_partial_branches": 0, "covered_branches": 0, "missing_branches": 2}, "missing_lines": [137, 138, 141], "excluded_lines": [], "executed_branches": [], "missing_branches": [[137, 138], [137, 141]]}, "upload_health_data": {"executed_lines": [], "summary": {"covered_lines": 0, "num_statements": 31, "percent_covered": 0.0, "percent_covered_display": "0", "missing_lines": 31, "excluded_lines": 0, "num_branches": 2, "num_partial_branches": 0, "covered_branches": 0, "missing_branches": 2}, "missing_lines": [194, 195, 198, 199, 202, 203, 206, 208, 209, 210, 213, 214, 215, 216, 219, 228, 231, 232, 233, 237, 238, 248, 252, 254, 255, 256, 257, 263, 264, 265, 269], "excluded_lines": [], "executed_branches": [], "missing_branches": [[198, 199], [198, 202]]}, "get_processing_status": {"executed_lines": [], "summary": {"covered_lines": 0, "num_statements": 13, "percent_covered": 0.0, "percent_covered_display": "0", "missing_lines": 13, "excluded_lines": 0, "num_branches": 2, "num_partial_branches": 0, "covered_branches": 0, "missing_branches": 2}, "missing_lines": [305, 306, 312, 316, 317, 319, 320, 322, 323, 324, 325, 326, 327], "excluded_lines": [], "executed_branches": [], "missing_branches": [[316, 317], [316, 319]]}, "list_health_data": {"executed_lines": [], "summary": {"covered_lines": 0, "num_statements": 31, "percent_covered": 0.0, "percent_covered_display": "0", "missing_lines": 31, "excluded_lines": 0, "num_branches": 8, "num_partial_branches": 0, "covered_branches": 0, "missing_branches": 8}, "missing_lines": [406, 407, 412, 417, 418, 419, 420, 421, 422, 423, 424, 425, 429, 439, 440, 441, 443, 453, 456, 460, 471, 472, 474, 475, 476, 482, 483, 484, 485, 486, 487], "excluded_lines": [], "executed_branches": [], "missing_branches": [[418, 419], [418, 420], [420, 421], [420, 422], [422, 423], [422, 424], [424, 425], [424, 429]]}, "query_health_data_legacy": {"executed_lines": [], "summary": {"covered_lines": 0, "num_statements": 12, "percent_covered": 0.0, "percent_covered_display": "0", "missing_lines": 12, "excluded_lines": 0, "num_branches": 0, "num_partial_branches": 0, "covered_branches": 0, "missing_branches": 0}, "missing_lines": [517, 518, 522, 532, 538, 539, 541, 542, 543, 544, 545, 546], "excluded_lines": [], "executed_branches": [], "missing_branches": []}, "delete_health_data": {"executed_lines": [], "summary": {"covered_lines": 0, "num_statements": 13, "percent_covered": 0.0, "percent_covered_display": "0", "missing_lines": 13, "excluded_lines": 0, "num_branches": 2, "num_partial_branches": 0, "covered_branches": 0, "missing_branches": 2}, "missing_lines": [578, 579, 585, 589, 590, 592, 593, 599, 600, 601, 602, 603, 604], "excluded_lines": [], "executed_branches": [], "missing_branches": [[589, 590], [589, 592]]}, "health_check": {"executed_lines": [633, 635, 638, 646, 647, 648, 657, 658, 659, 669, 674, 676, 677], "summary": {"covered_lines": 13, "num_statements": 28, "percent_covered": 46.875, "percent_covered_display": "47", "missing_lines": 15, "excluded_lines": 0, "num_branches": 4, "num_partial_branches": 2, "covered_branches": 2, "missing_branches": 2}, "missing_lines": [650, 651, 652, 653, 654, 655, 661, 662, 663, 664, 665, 666, 679, 680, 681], "excluded_lines": [], "executed_branches": [[647, 648], [658, 659]], "missing_branches": [[647, 650], [658, 661]]}, "": {"executed_lines": [1, 15, 16, 17, 18, 19, 20, 22, 23, 25, 26, 33, 38, 39, 40, 41, 42, 46, 49, 52, 55, 56, 57, 58, 62, 68, 74, 75, 77, 82, 96, 99, 112, 126, 135, 144, 187, 188, 272, 298, 299, 332, 386, 387, 492, 506, 507, 551, 571, 572, 609, 631], "summary": {"covered_lines": 50, "num_statements": 50, "percent_covered": 100.0, "percent_covered_display": "100", "missing_lines": 0, "excluded_lines": 0, "num_branches": 0, "num_partial_branches": 0, "covered_branches": 0, "missing_branches": 0}, "missing_lines": [], "excluded_lines": [], "executed_branches": [], "missing_branches": []}}, "classes": {"DependencyContainer": {"executed_lines": [78, 79, 80, 89, 90, 91, 92], "summary": {"covered_lines": 7, "num_statements": 7, "percent_covered": 100.0, "percent_covered_display": "100", "missing_lines": 0, "excluded_lines": 0, "num_branches": 0, "num_partial_branches": 0, "covered_branches": 0, "missing_branches": 0}, "missing_lines": [], "excluded_lines": [], "executed_branches": [], "missing_branches": []}, "": {"executed_lines": [1, 15, 16, 17, 18, 19, 20, 22, 23, 25, 26, 33, 38, 39, 40, 41, 42, 46, 49, 52, 55, 56, 57, 58, 62, 68, 74, 75, 77, 82, 96, 99, 109, 112, 118, 123, 126, 135, 144, 187, 188, 272, 298, 299, 332, 386, 387, 492, 506, 507, 551, 571, 572, 609, 631, 633, 635, 638, 646, 647, 648, 657, 658, 659, 669, 674, 676, 677], "summary": {"covered_lines": 66, "num_statements": 191, "percent_covered": 32.093023255813954, "percent_covered_display": "32", "missing_lines": 125, "excluded_lines": 0, "num_branches": 24, "num_partial_branches": 3, "covered_branches": 3, "missing_branches": 21}, "missing_lines": [64, 65, 70, 119, 128, 129, 132, 137, 138, 141, 194, 195, 198, 199, 202, 203, 206, 208, 209, 210, 213, 214, 215, 216, 219, 228, 231, 232, 233, 237, 238, 248, 252, 254, 255, 256, 257, 263, 264, 265, 269, 305, 306, 312, 316, 317, 319, 320, 322, 323, 324, 325, 326, 327, 406, 407, 412, 417, 418, 419, 420, 421, 422, 423, 424, 425, 429, 439, 440, 441, 443, 453, 456, 460, 471, 472, 474, 475, 476, 482, 483, 484, 485, 486, 487, 517, 518, 522, 532, 538, 539, 541, 542, 543, 544, 545, 546, 578, 579, 585, 589, 590, 592, 593, 599, 600, 601, 602, 603, 604, 650, 651, 652, 653, 654, 655, 661, 662, 663, 664, 665, 666, 679, 680, 681], "excluded_lines": [], "executed_branches": [[118, 123], [647, 648], [658, 659]], "missing_branches": [[118, 119], [128, 129], [128, 132], [137, 138], [137, 141], [198, 199], [198, 202], [316, 317], [316, 319], [418, 419], [418, 420], [420, 421], [420, 422], [422, 423], [422, 424], [424, 425], [424, 429], [589, 590], [589, 592], [647, 650], [658, 661]]}}}, "src/clarity/api/v1/healthkit_upload.py": {"executed_lines": [1, 7, 8, 9, 10, 11, 13, 14, 15, 17, 18, 19, 22, 25, 28, 29, 32, 34, 40, 46, 48, 49, 52, 53, 55, 56, 57, 58, 59, 60, 61, 62, 63, 66, 67, 69, 70, 71, 72, 73, 74, 75, 78, 79, 81, 82, 83, 84, 85, 88, 93, 116, 118, 119, 122, 125, 126, 127, 130, 131, 132, 135, 136, 137, 139, 144, 146, 163, 176, 177, 178, 179, 180, 186, 187, 202, 203, 204, 207, 208, 211, 213, 214, 215, 220, 221, 227], "summary": {"covered_lines": 83, "num_statements": 86, "percent_covered": 95.74468085106383, "percent_covered_display": "96", "missing_lines": 3, "excluded_lines": 0, "num_branches": 8, "num_partial_branches": 1, "covered_branches": 7, "missing_branches": 1}, "missing_lines": [42, 43, 205], "excluded_lines": [], "executed_branches": [[118, 119], [118, 122], [204, 207], [208, 211], [208, 213], [220, 221], [220, 227]], "missing_branches": [[204, 205]], "functions": {"_raise_user_mismatch_error": {"executed_lines": [34], "summary": {"covered_lines": 1, "num_statements": 1, "percent_covered": 100.0, "percent_covered_display": "100", "missing_lines": 0, "excluded_lines": 0, "num_branches": 0, "num_partial_branches": 0, "covered_branches": 0, "missing_branches": 0}, "missing_lines": [], "excluded_lines": [], "executed_branches": [], "missing_branches": []}, "_raise_invalid_format_error": {"executed_lines": [], "summary": {"covered_lines": 0, "num_statements": 2, "percent_covered": 0.0, "percent_covered_display": "0", "missing_lines": 2, "excluded_lines": 0, "num_branches": 0, "num_partial_branches": 0, "covered_branches": 0, "missing_branches": 0}, "missing_lines": [42, 43], "excluded_lines": [], "executed_branches": [], "missing_branches": []}, "_raise_invalid_uuid_error": {"executed_lines": [48, 49], "summary": {"covered_lines": 2, "num_statements": 2, "percent_covered": 100.0, "percent_covered_display": "100", "missing_lines": 0, "excluded_lines": 0, "num_branches": 0, "num_partial_branches": 0, "covered_branches": 0, "missing_branches": 0}, "missing_lines": [], "excluded_lines": [], "executed_branches": [], "missing_branches": []}, "upload_healthkit_data": {"executed_lines": [116, 118, 119, 122, 125, 126, 127, 130, 131, 132, 135, 136, 137, 139, 144, 146, 163, 176, 177, 178, 179, 180], "summary": {"covered_lines": 22, "num_statements": 22, "percent_covered": 100.0, "percent_covered_display": "100", "missing_lines": 0, "excluded_lines": 0, "num_branches": 2, "num_partial_branches": 0, "covered_branches": 2, "missing_branches": 0}, "missing_lines": [], "excluded_lines": [], "executed_branches": [[118, 119], [118, 122]], "missing_branches": []}, "get_upload_status": {"executed_lines": [202, 203, 204, 207, 208, 211, 213, 214, 215, 220, 221, 227], "summary": {"covered_lines": 12, "num_statements": 13, "percent_covered": 89.47368421052632, "percent_covered_display": "89", "missing_lines": 1, "excluded_lines": 0, "num_branches": 6, "num_partial_branches": 1, "covered_branches": 5, "missing_branches": 1}, "missing_lines": [205], "excluded_lines": [], "executed_branches": [[204, 207], [208, 211], [208, 213], [220, 221], [220, 227]], "missing_branches": [[204, 205]]}, "": {"executed_lines": [1, 7, 8, 9, 10, 11, 13, 14, 15, 17, 18, 19, 22, 25, 28, 29, 32, 40, 46, 52, 53, 55, 56, 57, 58, 59, 60, 61, 62, 63, 66, 67, 69, 70, 71, 72, 73, 74, 75, 78, 79, 81, 82, 83, 84, 85, 88, 93, 186, 187], "summary": {"covered_lines": 46, "num_statements": 46, "percent_covered": 100.0, "percent_covered_display": "100", "missing_lines": 0, "excluded_lines": 0, "num_branches": 0, "num_partial_branches": 0, "covered_branches": 0, "missing_branches": 0}, "missing_lines": [], "excluded_lines": [], "executed_branches": [], "missing_branches": []}}, "classes": {"HealthKitSample": {"executed_lines": [], "summary": {"covered_lines": 0, "num_statements": 0, "percent_covered": 100.0, "percent_covered_display": "100", "missing_lines": 0, "excluded_lines": 0, "num_branches": 0, "num_partial_branches": 0, "covered_branches": 0, "missing_branches": 0}, "missing_lines": [], "excluded_lines": [], "executed_branches": [], "missing_branches": []}, "HealthKitUploadRequest": {"executed_lines": [], "summary": {"covered_lines": 0, "num_statements": 0, "percent_covered": 100.0, "percent_covered_display": "100", "missing_lines": 0, "excluded_lines": 0, "num_branches": 0, "num_partial_branches": 0, "covered_branches": 0, "missing_branches": 0}, "missing_lines": [], "excluded_lines": [], "executed_branches": [], "missing_branches": []}, "HealthKitUploadResponse": {"executed_lines": [], "summary": {"covered_lines": 0, "num_statements": 0, "percent_covered": 100.0, "percent_covered_display": "100", "missing_lines": 0, "excluded_lines": 0, "num_branches": 0, "num_partial_branches": 0, "covered_branches": 0, "missing_branches": 0}, "missing_lines": [], "excluded_lines": [], "executed_branches": [], "missing_branches": []}, "": {"executed_lines": [1, 7, 8, 9, 10, 11, 13, 14, 15, 17, 18, 19, 22, 25, 28, 29, 32, 34, 40, 46, 48, 49, 52, 53, 55, 56, 57, 58, 59, 60, 61, 62, 63, 66, 67, 69, 70, 71, 72, 73, 74, 75, 78, 79, 81, 82, 83, 84, 85, 88, 93, 116, 118, 119, 122, 125, 126, 127, 130, 131, 132, 135, 136, 137, 139, 144, 146, 163, 176, 177, 178, 179, 180, 186, 187, 202, 203, 204, 207, 208, 211, 213, 214, 215, 220, 221, 227], "summary": {"covered_lines": 83, "num_statements": 86, "percent_covered": 95.74468085106383, "percent_covered_display": "96", "missing_lines": 3, "excluded_lines": 0, "num_branches": 8, "num_partial_branches": 1, "covered_branches": 7, "missing_branches": 1}, "missing_lines": [42, 43, 205], "excluded_lines": [], "executed_branches": [[118, 119], [118, 122], [204, 207], [208, 211], [208, 213], [220, 221], [220, 227]], "missing_branches": [[204, 205]]}}}, "src/clarity/api/v1/metrics.py": {"executed_lines": [1, 14, 15, 16, 18, 19, 23, 25, 26, 34, 37, 42, 48, 55, 61, 67, 74, 80, 84, 89, 95, 102, 106, 110, 117, 123, 130, 134, 141, 147, 181, 200, 220, 230, 240, 249, 262, 271, 287, 296, 306, 327, 348, 349, 351, 358, 361, 387], "summary": {"covered_lines": 46, "num_statements": 102, "percent_covered": 38.333333333333336, "percent_covered_display": "38", "missing_lines": 56, "excluded_lines": 0, "num_branches": 18, "num_partial_branches": 0, "covered_branches": 0, "missing_branches": 18}, "missing_lines": [20, 21, 153, 154, 157, 160, 162, 172, 173, 175, 183, 184, 186, 187, 190, 191, 193, 194, 211, 215, 227, 237, 246, 256, 258, 259, 268, 281, 283, 284, 293, 303, 317, 321, 322, 337, 339, 340, 354, 355, 356, 359, 367, 369, 372, 373, 374, 375, 376, 377, 378, 379, 380, 381, 382, 383], "excluded_lines": [], "executed_branches": [], "missing_branches": [[184, 186], [184, 190], [258, -249], [258, 259], [283, -271], [283, 284], [321, -306], [321, 322], [339, -327], [339, 340], [372, 373], [372, 374], [374, 375], [374, 377], [377, 378], [377, 380], [380, -361], [380, 381]], "functions": {"get_metrics": {"executed_lines": [], "summary": {"covered_lines": 0, "num_statements": 8, "percent_covered": 0.0, "percent_covered_display": "0", "missing_lines": 8, "excluded_lines": 0, "num_branches": 0, "num_partial_branches": 0, "covered_branches": 0, "missing_branches": 0}, "missing_lines": [153, 154, 157, 160, 162, 172, 173, 175], "excluded_lines": [], "executed_branches": [], "missing_branches": []}, "_update_system_metrics": {"executed_lines": [], "summary": {"covered_lines": 0, "num_statements": 8, "percent_covered": 0.0, "percent_covered_display": "0", "missing_lines": 8, "excluded_lines": 0, "num_branches": 2, "num_partial_branches": 0, "covered_branches": 0, "missing_branches": 2}, "missing_lines": [183, 184, 186, 187, 190, 191, 193, 194], "excluded_lines": [], "executed_branches": [], "missing_branches": [[184, 186], [184, 190]]}, "record_http_request": {"executed_lines": [], "summary": {"covered_lines": 0, "num_statements": 2, "percent_covered": 0.0, "percent_covered_display": "0", "missing_lines": 2, "excluded_lines": 0, "num_branches": 0, "num_partial_branches": 0, "covered_branches": 0, "missing_branches": 0}, "missing_lines": [211, 215], "excluded_lines": [], "executed_branches": [], "missing_branches": []}, "record_health_data_upload": {"executed_lines": [], "summary": {"covered_lines": 0, "num_statements": 1, "percent_covered": 0.0, "percent_covered_display": "0", "missing_lines": 1, "excluded_lines": 0, "num_branches": 0, "num_partial_branches": 0, "covered_branches": 0, "missing_branches": 0}, "missing_lines": [227], "excluded_lines": [], "executed_branches": [], "missing_branches": []}, "record_health_data_processing": {"executed_lines": [], "summary": {"covered_lines": 0, "num_statements": 1, "percent_covered": 0.0, "percent_covered_display": "0", "missing_lines": 1, "excluded_lines": 0, "num_branches": 0, "num_partial_branches": 0, "covered_branches": 0, "missing_branches": 0}, "missing_lines": [237], "excluded_lines": [], "executed_branches": [], "missing_branches": []}, "record_health_metric_processed": {"executed_lines": [], "summary": {"covered_lines": 0, "num_statements": 1, "percent_covered": 0.0, "percent_covered_display": "0", "missing_lines": 1, "excluded_lines": 0, "num_branches": 0, "num_partial_branches": 0, "covered_branches": 0, "missing_branches": 0}, "missing_lines": [246], "excluded_lines": [], "executed_branches": [], "missing_branches": []}, "record_pat_inference": {"executed_lines": [], "summary": {"covered_lines": 0, "num_statements": 3, "percent_covered": 0.0, "percent_covered_display": "0", "missing_lines": 3, "excluded_lines": 0, "num_branches": 2, "num_partial_branches": 0, "covered_branches": 0, "missing_branches": 2}, "missing_lines": [256, 258, 259], "excluded_lines": [], "executed_branches": [], "missing_branches": [[258, -249], [258, 259]]}, "record_pat_model_loading": {"executed_lines": [], "summary": {"covered_lines": 0, "num_statements": 1, "percent_covered": 0.0, "percent_covered_display": "0", "missing_lines": 1, "excluded_lines": 0, "num_branches": 0, "num_partial_branches": 0, "covered_branches": 0, "missing_branches": 0}, "missing_lines": [268], "excluded_lines": [], "executed_branches": [], "missing_branches": []}, "record_insight_generation": {"executed_lines": [], "summary": {"covered_lines": 0, "num_statements": 3, "percent_covered": 0.0, "percent_covered_display": "0", "missing_lines": 3, "excluded_lines": 0, "num_branches": 2, "num_partial_branches": 0, "covered_branches": 0, "missing_branches": 2}, "missing_lines": [281, 283, 284], "excluded_lines": [], "executed_branches": [], "missing_branches": [[283, -271], [283, 284]]}, "record_processing_job_status": {"executed_lines": [], "summary": {"covered_lines": 0, "num_statements": 1, "percent_covered": 0.0, "percent_covered_display": "0", "missing_lines": 1, "excluded_lines": 0, "num_branches": 0, "num_partial_branches": 0, "covered_branches": 0, "missing_branches": 0}, "missing_lines": [293], "excluded_lines": [], "executed_branches": [], "missing_branches": []}, "record_failed_job": {"executed_lines": [], "summary": {"covered_lines": 0, "num_statements": 1, "percent_covered": 0.0, "percent_covered_display": "0", "missing_lines": 1, "excluded_lines": 0, "num_branches": 0, "num_partial_branches": 0, "covered_branches": 0, "missing_branches": 0}, "missing_lines": [303], "excluded_lines": [], "executed_branches": [], "missing_branches": []}, "record_firestore_operation": {"executed_lines": [], "summary": {"covered_lines": 0, "num_statements": 3, "percent_covered": 0.0, "percent_covered_display": "0", "missing_lines": 3, "excluded_lines": 0, "num_branches": 2, "num_partial_branches": 0, "covered_branches": 0, "missing_branches": 2}, "missing_lines": [317, 321, 322], "excluded_lines": [], "executed_branches": [], "missing_branches": [[321, -306], [321, 322]]}, "record_pubsub_message": {"executed_lines": [], "summary": {"covered_lines": 0, "num_statements": 3, "percent_covered": 0.0, "percent_covered_display": "0", "missing_lines": 3, "excluded_lines": 0, "num_branches": 2, "num_partial_branches": 0, "covered_branches": 0, "missing_branches": 2}, "missing_lines": [337, 339, 340], "excluded_lines": [], "executed_branches": [], "missing_branches": [[339, -327], [339, 340]]}, "MetricsContext.__init__": {"executed_lines": [], "summary": {"covered_lines": 0, "num_statements": 3, "percent_covered": 0.0, "percent_covered_display": "0", "missing_lines": 3, "excluded_lines": 0, "num_branches": 0, "num_partial_branches": 0, "covered_branches": 0, "missing_branches": 0}, "missing_lines": [354, 355, 356], "excluded_lines": [], "executed_branches": [], "missing_branches": []}, "MetricsContext.__enter__": {"executed_lines": [], "summary": {"covered_lines": 0, "num_statements": 1, "percent_covered": 0.0, "percent_covered_display": "0", "missing_lines": 1, "excluded_lines": 0, "num_branches": 0, "num_partial_branches": 0, "covered_branches": 0, "missing_branches": 0}, "missing_lines": [359], "excluded_lines": [], "executed_branches": [], "missing_branches": []}, "MetricsContext.__exit__": {"executed_lines": [], "summary": {"covered_lines": 0, "num_statements": 14, "percent_covered": 0.0, "percent_covered_display": "0", "missing_lines": 14, "excluded_lines": 0, "num_branches": 8, "num_partial_branches": 0, "covered_branches": 0, "missing_branches": 8}, "missing_lines": [367, 369, 372, 373, 374, 375, 376, 377, 378, 379, 380, 381, 382, 383], "excluded_lines": [], "executed_branches": [], "missing_branches": [[372, 373], [372, 374], [374, 375], [374, 377], [377, 378], [377, 380], [380, -361], [380, 381]]}, "": {"executed_lines": [1, 14, 15, 16, 18, 19, 23, 25, 26, 34, 37, 42, 48, 55, 61, 67, 74, 80, 84, 89, 95, 102, 106, 110, 117, 123, 130, 134, 141, 147, 181, 200, 220, 230, 240, 249, 262, 271, 287, 296, 306, 327, 348, 349, 351, 358, 361, 387], "summary": {"covered_lines": 46, "num_statements": 48, "percent_covered": 95.83333333333333, "percent_covered_display": "96", "missing_lines": 2, "excluded_lines": 0, "num_branches": 0, "num_partial_branches": 0, "covered_branches": 0, "missing_branches": 0}, "missing_lines": [20, 21], "excluded_lines": [], "executed_branches": [], "missing_branches": []}}, "classes": {"MetricsContext": {"executed_lines": [], "summary": {"covered_lines": 0, "num_statements": 18, "percent_covered": 0.0, "percent_covered_display": "0", "missing_lines": 18, "excluded_lines": 0, "num_branches": 8, "num_partial_branches": 0, "covered_branches": 0, "missing_branches": 8}, "missing_lines": [354, 355, 356, 359, 367, 369, 372, 373, 374, 375, 376, 377, 378, 379, 380, 381, 382, 383], "excluded_lines": [], "executed_branches": [], "missing_branches": [[372, 373], [372, 374], [374, 375], [374, 377], [377, 378], [377, 380], [380, -361], [380, 381]]}, "": {"executed_lines": [1, 14, 15, 16, 18, 19, 23, 25, 26, 34, 37, 42, 48, 55, 61, 67, 74, 80, 84, 89, 95, 102, 106, 110, 117, 123, 130, 134, 141, 147, 181, 200, 220, 230, 240, 249, 262, 271, 287, 296, 306, 327, 348, 349, 351, 358, 361, 387], "summary": {"covered_lines": 46, "num_statements": 84, "percent_covered": 48.93617021276596, "percent_covered_display": "49", "missing_lines": 38, "excluded_lines": 0, "num_branches": 10, "num_partial_branches": 0, "covered_branches": 0, "missing_branches": 10}, "missing_lines": [20, 21, 153, 154, 157, 160, 162, 172, 173, 175, 183, 184, 186, 187, 190, 191, 193, 194, 211, 215, 227, 237, 246, 256, 258, 259, 268, 281, 283, 284, 293, 303, 317, 321, 322, 337, 339, 340], "excluded_lines": [], "executed_branches": [], "missing_branches": [[184, 186], [184, 190], [258, -249], [258, 259], [283, -271], [283, 284], [321, -306], [321, 322], [339, -327], [339, 340]]}}}, "src/clarity/api/v1/pat_analysis.py": {"executed_lines": [1, 13, 14, 15, 16, 17, 19, 20, 22, 23, 24, 25, 26, 30, 32, 35, 39, 40, 42, 43, 44, 45, 46, 49, 52, 55, 56, 58, 63, 66, 71, 72, 73, 83, 84, 86, 89, 90, 98, 99, 101, 102, 103, 106, 109, 112, 117, 118, 120, 121, 122, 123, 124, 125, 128, 133, 139, 234, 240, 317, 343, 445, 452, 458, 501, 506], "summary": {"covered_lines": 60, "num_statements": 128, "percent_covered": 44.11764705882353, "percent_covered_display": "44", "missing_lines": 68, "excluded_lines": 0, "num_branches": 8, "num_partial_branches": 0, "covered_branches": 0, "missing_branches": 8}, "missing_lines": [77, 78, 79, 80, 130, 155, 157, 158, 165, 167, 177, 178, 184, 192, 200, 207, 213, 222, 223, 224, 252, 254, 255, 262, 275, 283, 290, 296, 305, 306, 307, 347, 348, 353, 356, 360, 362, 363, 385, 389, 391, 392, 397, 408, 409, 420, 421, 431, 432, 434, 448, 449, 470, 472, 475, 476, 482, 490, 491, 492, 513, 515, 518, 520, 537, 538, 539, 544], "excluded_lines": [], "executed_branches": [], "missing_branches": [[77, 78], [77, 80], [360, 362], [360, 385], [389, 391], [389, 420], [391, 392], [391, 408]], "functions": {"StepDataRequest.validate_timestamps_match_steps": {"executed_lines": [], "summary": {"covered_lines": 0, "num_statements": 4, "percent_covered": 0.0, "percent_covered_display": "0", "missing_lines": 4, "excluded_lines": 0, "num_branches": 2, "num_partial_branches": 0, "covered_branches": 0, "missing_branches": 2}, "missing_lines": [77, 78, 79, 80], "excluded_lines": [], "executed_branches": [], "missing_branches": [[77, 78], [77, 80]]}, "get_pat_inference_engine": {"executed_lines": [], "summary": {"covered_lines": 0, "num_statements": 1, "percent_covered": 0.0, "percent_covered_display": "0", "missing_lines": 1, "excluded_lines": 0, "num_branches": 0, "num_partial_branches": 0, "covered_branches": 0, "missing_branches": 0}, "missing_lines": [130], "excluded_lines": [], "executed_branches": [], "missing_branches": []}, "analyze_step_data": {"executed_lines": [], "summary": {"covered_lines": 0, "num_statements": 15, "percent_covered": 0.0, "percent_covered_display": "0", "missing_lines": 15, "excluded_lines": 0, "num_branches": 0, "num_partial_branches": 0, "covered_branches": 0, "missing_branches": 0}, "missing_lines": [155, 157, 158, 165, 167, 177, 178, 184, 192, 200, 207, 213, 222, 223, 224], "excluded_lines": [], "executed_branches": [], "missing_branches": []}, "analyze_actigraphy_data": {"executed_lines": [], "summary": {"covered_lines": 0, "num_statements": 11, "percent_covered": 0.0, "percent_covered_display": "0", "missing_lines": 11, "excluded_lines": 0, "num_branches": 0, "num_partial_branches": 0, "covered_branches": 0, "missing_branches": 0}, "missing_lines": [252, 254, 255, 262, 275, 283, 290, 296, 305, 306, 307], "excluded_lines": [], "executed_branches": [], "missing_branches": []}, "get_pat_analysis": {"executed_lines": [], "summary": {"covered_lines": 0, "num_statements": 19, "percent_covered": 0.0, "percent_covered_display": "0", "missing_lines": 19, "excluded_lines": 0, "num_branches": 6, "num_partial_branches": 0, "covered_branches": 0, "missing_branches": 6}, "missing_lines": [347, 348, 353, 356, 360, 362, 363, 385, 389, 391, 392, 397, 408, 409, 420, 421, 431, 432, 434], "excluded_lines": [], "executed_branches": [], "missing_branches": [[360, 362], [360, 385], [389, 391], [389, 420], [391, 392], [391, 408]]}, "_get_analysis_repository": {"executed_lines": [], "summary": {"covered_lines": 0, "num_statements": 2, "percent_covered": 0.0, "percent_covered_display": "0", "missing_lines": 2, "excluded_lines": 0, "num_branches": 0, "num_partial_branches": 0, "covered_branches": 0, "missing_branches": 0}, "missing_lines": [448, 449], "excluded_lines": [], "executed_branches": [], "missing_branches": []}, "health_check": {"executed_lines": [], "summary": {"covered_lines": 0, "num_statements": 8, "percent_covered": 0.0, "percent_covered_display": "0", "missing_lines": 8, "excluded_lines": 0, "num_branches": 0, "num_partial_branches": 0, "covered_branches": 0, "missing_branches": 0}, "missing_lines": [470, 472, 475, 476, 482, 490, 491, 492], "excluded_lines": [], "executed_branches": [], "missing_branches": []}, "get_model_info": {"executed_lines": [], "summary": {"covered_lines": 0, "num_statements": 8, "percent_covered": 0.0, "percent_covered_display": "0", "missing_lines": 8, "excluded_lines": 0, "num_branches": 0, "num_partial_branches": 0, "covered_branches": 0, "missing_branches": 0}, "missing_lines": [513, 515, 518, 520, 537, 538, 539, 544], "excluded_lines": [], "executed_branches": [], "missing_branches": []}, "": {"executed_lines": [1, 13, 14, 15, 16, 17, 19, 20, 22, 23, 24, 25, 26, 30, 32, 35, 39, 40, 42, 43, 44, 45, 46, 49, 52, 55, 56, 58, 63, 66, 71, 72, 73, 83, 84, 86, 89, 90, 98, 99, 101, 102, 103, 106, 109, 112, 117, 118, 120, 121, 122, 123, 124, 125, 128, 133, 139, 234, 240, 317, 343, 445, 452, 458, 501, 506], "summary": {"covered_lines": 60, "num_statements": 60, "percent_covered": 100.0, "percent_covered_display": "100", "missing_lines": 0, "excluded_lines": 0, "num_branches": 0, "num_partial_branches": 0, "covered_branches": 0, "missing_branches": 0}, "missing_lines": [], "excluded_lines": [], "executed_branches": [], "missing_branches": []}}, "classes": {"PATAnalysisResponse": {"executed_lines": [], "summary": {"covered_lines": 0, "num_statements": 0, "percent_covered": 100.0, "percent_covered_display": "100", "missing_lines": 0, "excluded_lines": 0, "num_branches": 0, "num_partial_branches": 0, "covered_branches": 0, "missing_branches": 0}, "missing_lines": [], "excluded_lines": [], "executed_branches": [], "missing_branches": []}, "StepDataRequest": {"executed_lines": [], "summary": {"covered_lines": 0, "num_statements": 4, "percent_covered": 0.0, "percent_covered_display": "0", "missing_lines": 4, "excluded_lines": 0, "num_branches": 2, "num_partial_branches": 0, "covered_branches": 0, "missing_branches": 2}, "missing_lines": [77, 78, 79, 80], "excluded_lines": [], "executed_branches": [], "missing_branches": [[77, 78], [77, 80]]}, "DirectActigraphyRequest": {"executed_lines": [], "summary": {"covered_lines": 0, "num_statements": 0, "percent_covered": 100.0, "percent_covered_display": "100", "missing_lines": 0, "excluded_lines": 0, "num_branches": 0, "num_partial_branches": 0, "covered_branches": 0, "missing_branches": 0}, "missing_lines": [], "excluded_lines": [], "executed_branches": [], "missing_branches": []}, "AnalysisResponse": {"executed_lines": [], "summary": {"covered_lines": 0, "num_statements": 0, "percent_covered": 100.0, "percent_covered_display": "100", "missing_lines": 0, "excluded_lines": 0, "num_branches": 0, "num_partial_branches": 0, "covered_branches": 0, "missing_branches": 0}, "missing_lines": [], "excluded_lines": [], "executed_branches": [], "missing_branches": []}, "HealthCheckResponse": {"executed_lines": [], "summary": {"covered_lines": 0, "num_statements": 0, "percent_covered": 100.0, "percent_covered_display": "100", "missing_lines": 0, "excluded_lines": 0, "num_branches": 0, "num_partial_branches": 0, "covered_branches": 0, "missing_branches": 0}, "missing_lines": [], "excluded_lines": [], "executed_branches": [], "missing_branches": []}, "": {"executed_lines": [1, 13, 14, 15, 16, 17, 19, 20, 22, 23, 24, 25, 26, 30, 32, 35, 39, 40, 42, 43, 44, 45, 46, 49, 52, 55, 56, 58, 63, 66, 71, 72, 73, 83, 84, 86, 89, 90, 98, 99, 101, 102, 103, 106, 109, 112, 117, 118, 120, 121, 122, 123, 124, 125, 128, 133, 139, 234, 240, 317, 343, 445, 452, 458, 501, 506], "summary": {"covered_lines": 60, "num_statements": 124, "percent_covered": 46.15384615384615, "percent_covered_display": "46", "missing_lines": 64, "excluded_lines": 0, "num_branches": 6, "num_partial_branches": 0, "covered_branches": 0, "missing_branches": 6}, "missing_lines": [130, 155, 157, 158, 165, 167, 177, 178, 184, 192, 200, 207, 213, 222, 223, 224, 252, 254, 255, 262, 275, 283, 290, 296, 305, 306, 307, 347, 348, 353, 356, 360, 362, 363, 385, 389, 391, 392, 397, 408, 409, 420, 421, 431, 432, 434, 448, 449, 470, 472, 475, 476, 482, 490, 491, 492, 513, 515, 518, 520, 537, 538, 539, 544], "excluded_lines": [], "executed_branches": [], "missing_branches": [[360, 362], [360, 385], [389, 391], [389, 420], [391, 392], [391, 408]]}}}, "src/clarity/api/v1/websocket/__init__.py": {"executed_lines": [1, 3, 5], "summary": {"covered_lines": 2, "num_statements": 2, "percent_covered": 100.0, "percent_covered_display": "100", "missing_lines": 0, "excluded_lines": 0, "num_branches": 0, "num_partial_branches": 0, "covered_branches": 0, "missing_branches": 0}, "missing_lines": [], "excluded_lines": [], "executed_branches": [], "missing_branches": [], "functions": {"": {"executed_lines": [1, 3, 5], "summary": {"covered_lines": 2, "num_statements": 2, "percent_covered": 100.0, "percent_covered_display": "100", "missing_lines": 0, "excluded_lines": 0, "num_branches": 0, "num_partial_branches": 0, "covered_branches": 0, "missing_branches": 0}, "missing_lines": [], "excluded_lines": [], "executed_branches": [], "missing_branches": []}}, "classes": {"": {"executed_lines": [1, 3, 5], "summary": {"covered_lines": 2, "num_statements": 2, "percent_covered": 100.0, "percent_covered_display": "100", "missing_lines": 0, "excluded_lines": 0, "num_branches": 0, "num_partial_branches": 0, "covered_branches": 0, "missing_branches": 0}, "missing_lines": [], "excluded_lines": [], "executed_branches": [], "missing_branches": []}}}, "src/clarity/api/v1/websocket/app_example.py": {"executed_lines": [], "summary": {"covered_lines": 0, "num_statements": 30, "percent_covered": 0.0, "percent_covered_display": "0", "missing_lines": 30, "excluded_lines": 4, "num_branches": 0, "num_partial_branches": 0, "covered_branches": 0, "missing_branches": 0}, "missing_lines": [7, 8, 10, 12, 13, 16, 17, 26, 27, 30, 39, 47, 49, 50, 52, 54, 55, 58, 59, 60, 67, 68, 73, 76, 85, 93, 95, 96, 98, 100], "excluded_lines": [104, 105, 107, 110], "executed_branches": [], "missing_branches": [], "functions": {"full_app_lifespan": {"executed_lines": [], "summary": {"covered_lines": 0, "num_statements": 2, "percent_covered": 0.0, "percent_covered_display": "0", "missing_lines": 2, "excluded_lines": 0, "num_branches": 0, "num_partial_branches": 0, "covered_branches": 0, "missing_branches": 0}, "missing_lines": [26, 27], "excluded_lines": [], "executed_branches": [], "missing_branches": []}, "create_websocket_app": {"executed_lines": [], "summary": {"covered_lines": 0, "num_statements": 7, "percent_covered": 0.0, "percent_covered_display": "0", "missing_lines": 7, "excluded_lines": 0, "num_branches": 0, "num_partial_branches": 0, "covered_branches": 0, "missing_branches": 0}, "missing_lines": [39, 47, 49, 50, 54, 55, 73], "excluded_lines": [], "executed_branches": [], "missing_branches": []}, "create_websocket_app.root": {"executed_lines": [], "summary": {"covered_lines": 0, "num_statements": 1, "percent_covered": 0.0, "percent_covered_display": "0", "missing_lines": 1, "excluded_lines": 0, "num_branches": 0, "num_partial_branches": 0, "covered_branches": 0, "missing_branches": 0}, "missing_lines": [52], "excluded_lines": [], "executed_branches": [], "missing_branches": []}, "create_websocket_app.health_check": {"executed_lines": [], "summary": {"covered_lines": 0, "num_statements": 5, "percent_covered": 0.0, "percent_covered_display": "0", "missing_lines": 5, "excluded_lines": 0, "num_branches": 0, "num_partial_branches": 0, "covered_branches": 0, "missing_branches": 0}, "missing_lines": [58, 59, 60, 67, 68], "excluded_lines": [], "executed_branches": [], "missing_branches": []}, "create_extended_app": {"executed_lines": [], "summary": {"covered_lines": 0, "num_statements": 5, "percent_covered": 0.0, "percent_covered_display": "0", "missing_lines": 5, "excluded_lines": 0, "num_branches": 0, "num_partial_branches": 0, "covered_branches": 0, "missing_branches": 0}, "missing_lines": [85, 93, 95, 96, 100], "excluded_lines": [], "executed_branches": [], "missing_branches": []}, "create_extended_app.root": {"executed_lines": [], "summary": {"covered_lines": 0, "num_statements": 1, "percent_covered": 0.0, "percent_covered_display": "0", "missing_lines": 1, "excluded_lines": 0, "num_branches": 0, "num_partial_branches": 0, "covered_branches": 0, "missing_branches": 0}, "missing_lines": [98], "excluded_lines": [], "executed_branches": [], "missing_branches": []}, "": {"executed_lines": [], "summary": {"covered_lines": 0, "num_statements": 9, "percent_covered": 0.0, "percent_covered_display": "0", "missing_lines": 9, "excluded_lines": 4, "num_branches": 0, "num_partial_branches": 0, "covered_branches": 0, "missing_branches": 0}, "missing_lines": [7, 8, 10, 12, 13, 16, 17, 30, 76], "excluded_lines": [104, 105, 107, 110], "executed_branches": [], "missing_branches": []}}, "classes": {"": {"executed_lines": [], "summary": {"covered_lines": 0, "num_statements": 30, "percent_covered": 0.0, "percent_covered_display": "0", "missing_lines": 30, "excluded_lines": 4, "num_branches": 0, "num_partial_branches": 0, "covered_branches": 0, "missing_branches": 0}, "missing_lines": [7, 8, 10, 12, 13, 16, 17, 26, 27, 30, 39, 47, 49, 50, 52, 54, 55, 58, 59, 60, 67, 68, 73, 76, 85, 93, 95, 96, 98, 100], "excluded_lines": [104, 105, 107, 110], "executed_branches": [], "missing_branches": []}}}, "src/clarity/api/v1/websocket/chat_handler.py": {"executed_lines": [2, 4, 5, 6, 7, 9, 17, 19, 20, 21, 22, 27, 29, 30, 31, 41, 42, 43, 45, 46, 48, 51, 55, 59, 60, 62, 70, 106, 107, 124, 125, 148, 222, 223, 382, 389, 417, 481, 482, 543, 544, 557, 558], "summary": {"covered_lines": 41, "num_statements": 241, "percent_covered": 14.840989399293287, "percent_covered_display": "15", "missing_lines": 200, "excluded_lines": 0, "num_branches": 42, "num_partial_branches": 1, "covered_branches": 1, "missing_branches": 41}, "missing_lines": [28, 52, 56, 67, 68, 75, 77, 80, 86, 87, 91, 92, 93, 94, 98, 104, 112, 119, 130, 131, 132, 133, 134, 135, 136, 140, 143, 146, 154, 159, 160, 161, 163, 164, 165, 166, 167, 168, 169, 170, 171, 172, 174, 179, 186, 190, 196, 200, 206, 208, 209, 212, 213, 214, 215, 219, 242, 245, 246, 250, 252, 253, 254, 258, 264, 265, 266, 268, 269, 271, 272, 273, 275, 276, 277, 279, 280, 282, 286, 287, 291, 292, 293, 294, 295, 296, 301, 306, 307, 312, 319, 322, 323, 326, 330, 334, 337, 338, 342, 346, 347, 350, 352, 353, 354, 358, 360, 361, 364, 366, 367, 368, 369, 371, 372, 375, 376, 384, 385, 386, 392, 393, 395, 398, 399, 400, 401, 402, 404, 405, 406, 408, 409, 412, 414, 424, 425, 426, 428, 429, 430, 431, 434, 437, 438, 443, 448, 449, 450, 451, 454, 456, 457, 461, 462, 466, 467, 468, 471, 472, 473, 474, 478, 495, 498, 499, 500, 501, 502, 503, 504, 505, 511, 512, 516, 517, 518, 519, 520, 521, 522, 525, 526, 529, 530, 531, 532, 533, 534, 535, 537, 540, 548, 563, 564, 566, 567, 568, 569, 571], "excluded_lines": [], "executed_branches": [[27, 29]], "missing_branches": [[27, 28], [132, 133], [132, 140], [163, 164], [163, 171], [165, 166], [165, 174], [169, 170], [169, 174], [171, 172], [171, 174], [268, 269], [268, 271], [275, 276], [275, 279], [279, 280], [279, 286], [286, 287], [286, 291], [291, 292], [291, 337], [294, 295], [294, 334], [384, 385], [384, 386], [392, 393], [392, 414], [398, 399], [398, 401], [428, 429], [428, 456], [456, 457], [456, 461], [502, 503], [502, 504], [520, 521], [520, 522], [566, 567], [566, 571], [568, 566], [568, 569]], "functions": {"get_gemini_service": {"executed_lines": [], "summary": {"covered_lines": 0, "num_statements": 1, "percent_covered": 0.0, "percent_covered_display": "0", "missing_lines": 1, "excluded_lines": 0, "num_branches": 0, "num_partial_branches": 0, "covered_branches": 0, "missing_branches": 0}, "missing_lines": [52], "excluded_lines": [], "executed_branches": [], "missing_branches": []}, "get_pat_model_service": {"executed_lines": [], "summary": {"covered_lines": 0, "num_statements": 1, "percent_covered": 0.0, "percent_covered_display": "0", "missing_lines": 1, "excluded_lines": 0, "num_branches": 0, "num_partial_branches": 0, "covered_branches": 0, "missing_branches": 0}, "missing_lines": [56], "excluded_lines": [], "executed_branches": [], "missing_branches": []}, "WebSocketChatHandler.__init__": {"executed_lines": [], "summary": {"covered_lines": 0, "num_statements": 2, "percent_covered": 0.0, "percent_covered_display": "0", "missing_lines": 2, "excluded_lines": 0, "num_branches": 0, "num_partial_branches": 0, "covered_branches": 0, "missing_branches": 0}, "missing_lines": [67, 68], "excluded_lines": [], "executed_branches": [], "missing_branches": []}, "WebSocketChatHandler.process_chat_message": {"executed_lines": [], "summary": {"covered_lines": 0, "num_statements": 11, "percent_covered": 0.0, "percent_covered_display": "0", "missing_lines": 11, "excluded_lines": 0, "num_branches": 0, "num_partial_branches": 0, "covered_branches": 0, "missing_branches": 0}, "missing_lines": [75, 77, 80, 86, 87, 91, 92, 93, 94, 98, 104], "excluded_lines": [], "executed_branches": [], "missing_branches": []}, "WebSocketChatHandler.process_typing_message": {"executed_lines": [], "summary": {"covered_lines": 0, "num_statements": 2, "percent_covered": 0.0, "percent_covered_display": "0", "missing_lines": 2, "excluded_lines": 0, "num_branches": 0, "num_partial_branches": 0, "covered_branches": 0, "missing_branches": 0}, "missing_lines": [112, 119], "excluded_lines": [], "executed_branches": [], "missing_branches": []}, "WebSocketChatHandler.process_heartbeat": {"executed_lines": [], "summary": {"covered_lines": 0, "num_statements": 10, "percent_covered": 0.0, "percent_covered_display": "0", "missing_lines": 10, "excluded_lines": 0, "num_branches": 2, "num_partial_branches": 0, "covered_branches": 0, "missing_branches": 2}, "missing_lines": [130, 131, 132, 133, 134, 135, 136, 140, 143, 146], "excluded_lines": [], "executed_branches": [], "missing_branches": [[132, 133], [132, 140]]}, "WebSocketChatHandler.trigger_health_analysis": {"executed_lines": [], "summary": {"covered_lines": 0, "num_statements": 28, "percent_covered": 0.0, "percent_covered_display": "0", "missing_lines": 28, "excluded_lines": 0, "num_branches": 8, "num_partial_branches": 0, "covered_branches": 0, "missing_branches": 8}, "missing_lines": [154, 159, 160, 161, 163, 164, 165, 166, 167, 168, 169, 170, 171, 172, 174, 179, 186, 190, 196, 200, 206, 208, 209, 212, 213, 214, 215, 219], "excluded_lines": [], "executed_branches": [], "missing_branches": [[163, 164], [163, 171], [165, 166], [165, 174], [169, 170], [169, 174], [171, 172], [171, 174]]}, "websocket_chat_endpoint": {"executed_lines": [], "summary": {"covered_lines": 0, "num_statements": 61, "percent_covered": 0.0, "percent_covered_display": "0", "missing_lines": 61, "excluded_lines": 0, "num_branches": 12, "num_partial_branches": 0, "covered_branches": 0, "missing_branches": 12}, "missing_lines": [242, 245, 246, 250, 252, 253, 254, 258, 264, 265, 266, 268, 269, 271, 272, 273, 275, 276, 277, 279, 280, 282, 286, 287, 291, 292, 293, 294, 295, 296, 301, 306, 307, 312, 319, 322, 323, 326, 330, 334, 337, 338, 342, 346, 347, 350, 352, 353, 354, 358, 360, 361, 364, 366, 367, 368, 369, 371, 372, 375, 376], "excluded_lines": [], "executed_branches": [], "missing_branches": [[268, 269], [268, 271], [275, 276], [275, 279], [279, 280], [279, 286], [286, 287], [286, 291], [291, 292], [291, 337], [294, 295], [294, 334]]}, "_extract_username": {"executed_lines": [], "summary": {"covered_lines": 0, "num_statements": 3, "percent_covered": 0.0, "percent_covered_display": "0", "missing_lines": 3, "excluded_lines": 0, "num_branches": 2, "num_partial_branches": 0, "covered_branches": 0, "missing_branches": 2}, "missing_lines": [384, 385, 386], "excluded_lines": [], "executed_branches": [], "missing_branches": [[384, 385], [384, 386]]}, "_authenticate_websocket_user": {"executed_lines": [], "summary": {"covered_lines": 0, "num_statements": 15, "percent_covered": 0.0, "percent_covered_display": "0", "missing_lines": 15, "excluded_lines": 0, "num_branches": 4, "num_partial_branches": 0, "covered_branches": 0, "missing_branches": 4}, "missing_lines": [392, 393, 395, 398, 399, 400, 401, 402, 404, 405, 406, 408, 409, 412, 414], "excluded_lines": [], "executed_branches": [], "missing_branches": [[392, 393], [392, 414], [398, 399], [398, 401]]}, "_handle_health_analysis_message": {"executed_lines": [], "summary": {"covered_lines": 0, "num_statements": 28, "percent_covered": 0.0, "percent_covered_display": "0", "missing_lines": 28, "excluded_lines": 0, "num_branches": 4, "num_partial_branches": 0, "covered_branches": 0, "missing_branches": 4}, "missing_lines": [424, 425, 426, 428, 429, 430, 431, 434, 437, 438, 443, 448, 449, 450, 451, 454, 456, 457, 461, 462, 466, 467, 468, 471, 472, 473, 474, 478], "excluded_lines": [], "executed_branches": [], "missing_branches": [[428, 429], [428, 456], [456, 457], [456, 461]]}, "websocket_health_analysis_endpoint": {"executed_lines": [], "summary": {"covered_lines": 0, "num_statements": 29, "percent_covered": 0.0, "percent_covered_display": "0", "missing_lines": 29, "excluded_lines": 0, "num_branches": 4, "num_partial_branches": 0, "covered_branches": 0, "missing_branches": 4}, "missing_lines": [495, 498, 499, 500, 501, 502, 503, 504, 505, 511, 512, 516, 517, 518, 519, 520, 521, 522, 525, 526, 529, 530, 531, 532, 533, 534, 535, 537, 540], "excluded_lines": [], "executed_branches": [], "missing_branches": [[502, 503], [502, 504], [520, 521], [520, 522]]}, "get_chat_stats": {"executed_lines": [], "summary": {"covered_lines": 0, "num_statements": 1, "percent_covered": 0.0, "percent_covered_display": "0", "missing_lines": 1, "excluded_lines": 0, "num_branches": 0, "num_partial_branches": 0, "covered_branches": 0, "missing_branches": 0}, "missing_lines": [548], "excluded_lines": [], "executed_branches": [], "missing_branches": []}, "get_room_users": {"executed_lines": [], "summary": {"covered_lines": 0, "num_statements": 7, "percent_covered": 0.0, "percent_covered_display": "0", "missing_lines": 7, "excluded_lines": 0, "num_branches": 4, "num_partial_branches": 0, "covered_branches": 0, "missing_branches": 4}, "missing_lines": [563, 564, 566, 567, 568, 569, 571], "excluded_lines": [], "executed_branches": [], "missing_branches": [[566, 567], [566, 571], [568, 566], [568, 569]]}, "": {"executed_lines": [2, 4, 5, 6, 7, 9, 17, 19, 20, 21, 22, 27, 29, 30, 31, 41, 42, 43, 45, 46, 48, 51, 55, 59, 60, 62, 70, 106, 107, 124, 125, 148, 222, 223, 382, 389, 417, 481, 482, 543, 544, 557, 558], "summary": {"covered_lines": 41, "num_statements": 42, "percent_covered": 95.45454545454545, "percent_covered_display": "95", "missing_lines": 1, "excluded_lines": 0, "num_branches": 2, "num_partial_branches": 1, "covered_branches": 1, "missing_branches": 1}, "missing_lines": [28], "excluded_lines": [], "executed_branches": [[27, 29]], "missing_branches": [[27, 28]]}}, "classes": {"WebSocketChatHandler": {"executed_lines": [], "summary": {"covered_lines": 0, "num_statements": 53, "percent_covered": 0.0, "percent_covered_display": "0", "missing_lines": 53, "excluded_lines": 0, "num_branches": 10, "num_partial_branches": 0, "covered_branches": 0, "missing_branches": 10}, "missing_lines": [67, 68, 75, 77, 80, 86, 87, 91, 92, 93, 94, 98, 104, 112, 119, 130, 131, 132, 133, 134, 135, 136, 140, 143, 146, 154, 159, 160, 161, 163, 164, 165, 166, 167, 168, 169, 170, 171, 172, 174, 179, 186, 190, 196, 200, 206, 208, 209, 212, 213, 214, 215, 219], "excluded_lines": [], "executed_branches": [], "missing_branches": [[132, 133], [132, 140], [163, 164], [163, 171], [165, 166], [165, 174], [169, 170], [169, 174], [171, 172], [171, 174]]}, "": {"executed_lines": [2, 4, 5, 6, 7, 9, 17, 19, 20, 21, 22, 27, 29, 30, 31, 41, 42, 43, 45, 46, 48, 51, 55, 59, 60, 62, 70, 106, 107, 124, 125, 148, 222, 223, 382, 389, 417, 481, 482, 543, 544, 557, 558], "summary": {"covered_lines": 41, "num_statements": 188, "percent_covered": 19.09090909090909, "percent_covered_display": "19", "missing_lines": 147, "excluded_lines": 0, "num_branches": 32, "num_partial_branches": 1, "covered_branches": 1, "missing_branches": 31}, "missing_lines": [28, 52, 56, 242, 245, 246, 250, 252, 253, 254, 258, 264, 265, 266, 268, 269, 271, 272, 273, 275, 276, 277, 279, 280, 282, 286, 287, 291, 292, 293, 294, 295, 296, 301, 306, 307, 312, 319, 322, 323, 326, 330, 334, 337, 338, 342, 346, 347, 350, 352, 353, 354, 358, 360, 361, 364, 366, 367, 368, 369, 371, 372, 375, 376, 384, 385, 386, 392, 393, 395, 398, 399, 400, 401, 402, 404, 405, 406, 408, 409, 412, 414, 424, 425, 426, 428, 429, 430, 431, 434, 437, 438, 443, 448, 449, 450, 451, 454, 456, 457, 461, 462, 466, 467, 468, 471, 472, 473, 474, 478, 495, 498, 499, 500, 501, 502, 503, 504, 505, 511, 512, 516, 517, 518, 519, 520, 521, 522, 525, 526, 529, 530, 531, 532, 533, 534, 535, 537, 540, 548, 563, 564, 566, 567, 568, 569, 571], "excluded_lines": [], "executed_branches": [[27, 29]], "missing_branches": [[27, 28], [268, 269], [268, 271], [275, 276], [275, 279], [279, 280], [279, 286], [286, 287], [286, 291], [291, 292], [291, 337], [294, 295], [294, 334], [384, 385], [384, 386], [392, 393], [392, 414], [398, 399], [398, 401], [428, 429], [428, 456], [456, 457], [456, 461], [502, 503], [502, 504], [520, 521], [520, 522], [566, 567], [566, 571], [568, 566], [568, 569]]}}}, "src/clarity/api/v1/websocket/connection_manager.py": {"executed_lines": [1, 3, 4, 5, 6, 7, 8, 9, 10, 11, 13, 14, 16, 25, 28, 29, 31, 40, 41, 44, 47, 50, 51, 52, 53, 54, 57, 60, 61, 64, 65, 66, 68, 70, 73, 75, 76, 78, 79, 81, 82, 84, 86, 87, 88, 91, 94, 96, 97, 98, 99, 100, 103, 105, 106, 108, 109, 110, 112, 113, 115, 117, 118, 120, 121, 128, 131, 133, 136, 137, 139, 140, 141, 142, 143, 151, 154, 156, 157, 160, 161, 164, 166, 168, 170, 172, 185, 189, 194, 195, 202, 203, 204, 205, 208, 210, 215, 223, 226, 229, 237, 239, 243, 246, 247, 248, 251, 254, 255, 256, 258, 259, 262, 263, 266, 268, 270, 272, 273, 274, 278, 280, 282, 285, 286, 287, 290, 291, 292, 295, 296, 297, 298, 299, 303, 307, 308, 309, 312, 320, 327, 329, 330, 333, 336, 338, 342, 343, 348, 349, 351, 355, 360, 361, 363, 369, 372, 373, 376, 385, 386, 390, 391, 394, 397, 398, 400, 402, 404, 406, 408, 410, 412, 414, 416, 417, 421, 422, 423, 424, 434, 436, 439, 442, 443, 444, 445, 447, 448, 449, 450, 452, 453, 455], "summary": {"covered_lines": 192, "num_statements": 237, "percent_covered": 76.8729641693811, "percent_covered_display": "77", "missing_lines": 45, "excluded_lines": 0, "num_branches": 70, "num_partial_branches": 24, "covered_branches": 44, "missing_branches": 26}, "missing_lines": [71, 89, 90, 92, 101, 129, 134, 145, 146, 147, 148, 152, 186, 187, 231, 232, 233, 234, 235, 244, 275, 276, 283, 300, 301, 313, 317, 318, 322, 323, 324, 325, 331, 370, 377, 381, 382, 418, 432, 437, 457, 460, 463, 464, 466], "excluded_lines": [], "executed_branches": [[70, 73], [75, 76], [78, 79], [108, 109], [108, 112], [109, 110], [112, -103], [112, 113], [120, -115], [120, 121], [128, 120], [133, 136], [140, 141], [140, 151], [142, 143], [151, -131], [185, 189], [243, 246], [255, 256], [255, 262], [256, 255], [256, 258], [262, 263], [262, 268], [273, 274], [282, 285], [295, 296], [298, -280], [298, 299], [308, 309], [312, 320], [330, 333], [348, -338], [348, 349], [360, 361], [369, 372], [376, 385], [385, 386], [385, 394], [417, 421], [422, 423], [436, 439], [442, 443], [447, 448]], "missing_branches": [[70, 71], [75, 78], [78, 81], [109, 108], [128, 129], [133, 134], [142, 145], [151, 152], [185, 186], [243, 244], [273, 278], [282, 283], [295, -280], [308, 322], [312, 313], [330, 331], [360, -351], [369, 370], [376, 377], [417, 418], [422, 432], [436, 437], [442, 447], [447, 452], [463, 464], [463, 466]], "functions": {"ConnectionManager.__init__": {"executed_lines": [40, 41, 44, 47, 50, 51, 52, 53, 54, 57, 60, 61, 64, 65, 66], "summary": {"covered_lines": 15, "num_statements": 15, "percent_covered": 100.0, "percent_covered_display": "100", "missing_lines": 0, "excluded_lines": 0, "num_branches": 0, "num_partial_branches": 0, "covered_branches": 0, "missing_branches": 0}, "missing_lines": [], "excluded_lines": [], "executed_branches": [], "missing_branches": []}, "ConnectionManager.start_background_tasks": {"executed_lines": [70, 73, 75, 76, 78, 79, 81, 82], "summary": {"covered_lines": 8, "num_statements": 9, "percent_covered": 73.33333333333333, "percent_covered_display": "73", "missing_lines": 1, "excluded_lines": 0, "num_branches": 6, "num_partial_branches": 3, "covered_branches": 3, "missing_branches": 3}, "missing_lines": [71], "excluded_lines": [], "executed_branches": [[70, 73], [75, 76], [78, 79]], "missing_branches": [[70, 71], [75, 78], [78, 81]]}, "ConnectionManager._cleanup_loop": {"executed_lines": [86, 87, 88, 91], "summary": {"covered_lines": 4, "num_statements": 7, "percent_covered": 57.142857142857146, "percent_covered_display": "57", "missing_lines": 3, "excluded_lines": 0, "num_branches": 0, "num_partial_branches": 0, "covered_branches": 0, "missing_branches": 0}, "missing_lines": [89, 90, 92], "excluded_lines": [], "executed_branches": [], "missing_branches": []}, "ConnectionManager._heartbeat_loop": {"executed_lines": [96, 97, 98, 99, 100], "summary": {"covered_lines": 5, "num_statements": 6, "percent_covered": 83.33333333333333, "percent_covered_display": "83", "missing_lines": 1, "excluded_lines": 0, "num_branches": 0, "num_partial_branches": 0, "covered_branches": 0, "missing_branches": 0}, "missing_lines": [101], "excluded_lines": [], "executed_branches": [], "missing_branches": []}, "ConnectionManager._cleanup_stale_connections": {"executed_lines": [105, 106, 108, 109, 110, 112, 113], "summary": {"covered_lines": 7, "num_statements": 7, "percent_covered": 92.3076923076923, "percent_covered_display": "92", "missing_lines": 0, "excluded_lines": 0, "num_branches": 6, "num_partial_branches": 1, "covered_branches": 5, "missing_branches": 1}, "missing_lines": [], "excluded_lines": [], "executed_branches": [[108, 109], [108, 112], [109, 110], [112, -103], [112, 113]], "missing_branches": [[109, 108]]}, "ConnectionManager._cleanup_rate_limiting_data": {"executed_lines": [117, 118, 120, 121, 128], "summary": {"covered_lines": 5, "num_statements": 6, "percent_covered": 80.0, "percent_covered_display": "80", "missing_lines": 1, "excluded_lines": 0, "num_branches": 4, "num_partial_branches": 1, "covered_branches": 3, "missing_branches": 1}, "missing_lines": [129], "excluded_lines": [], "executed_branches": [[120, -115], [120, 121], [128, 120]], "missing_branches": [[128, 129]]}, "ConnectionManager._send_heartbeats": {"executed_lines": [133, 136, 137, 139, 140, 141, 142, 143, 151], "summary": {"covered_lines": 9, "num_statements": 15, "percent_covered": 60.869565217391305, "percent_covered_display": "61", "missing_lines": 6, "excluded_lines": 0, "num_branches": 8, "num_partial_branches": 3, "covered_branches": 5, "missing_branc
[...]
"missing_branches": []}, "": {"executed_lines": [1, 17, 18, 19, 20, 21, 22, 23, 24, 25, 27, 28, 29, 30, 32, 33, 36, 39, 40, 43, 44, 47, 48, 51, 52, 55, 56, 59, 60, 71, 115, 134, 152, 153, 157, 165, 166, 188, 220, 288, 338, 397, 432, 489, 502, 534, 581, 618, 694, 734, 789, 832, 833, 844, 857, 889, 890, 900, 911, 912, 920, 997, 1086, 1132, 1200, 1235, 1283, 1284, 1288, 1303, 1312, 1357], "summary": {"covered_lines": 64, "num_statements": 64, "percent_covered": 100.0, "percent_covered_display": "100", "missing_lines": 0, "excluded_lines": 0, "num_branches": 0, "num_partial_branches": 0, "covered_branches": 0, "missing_branches": 0}, "missing_lines": [], "excluded_lines": [], "executed_branches": [], "missing_branches": []}}, "classes": {"FirestoreError": {"executed_lines": [], "summary": {"covered_lines": 0, "num_statements": 0, "percent_covered": 100.0, "percent_covered_display": "100", "missing_lines": 0, "excluded_lines": 0, "num_branches": 0, "num_partial_branches": 0, "covered_branches": 0, "missing_branches": 0}, "missing_lines": [], "excluded_lines": [], "executed_branches": [], "missing_branches": []}, "DocumentNotFoundError": {"executed_lines": [], "summary": {"covered_lines": 0, "num_statements": 0, "percent_covered": 100.0, "percent_covered_display": "100", "missing_lines": 0, "excluded_lines": 0, "num_branches": 0, "num_partial_branches": 0, "covered_branches": 0, "missing_branches": 0}, "missing_lines": [], "excluded_lines": [], "executed_branches": [], "missing_branches": []}, "FirestorePermissionError": {"executed_lines": [], "summary": {"covered_lines": 0, "num_statements": 0, "percent_covered": 100.0, "percent_covered_display": "100", "missing_lines": 0, "excluded_lines": 0, "num_branches": 0, "num_partial_branches": 0, "covered_branches": 0, "missing_branches": 0}, "missing_lines": [], "excluded_lines": [], "executed_branches": [], "missing_branches": []}, "FirestoreValidationError": {"executed_lines": [], "summary": {"covered_lines": 0, "num_statements": 0, "percent_covered": 100.0, "percent_covered_display": "100", "missing_lines": 0, "excluded_lines": 0, "num_branches": 0, "num_partial_branches": 0, "covered_branches": 0, "missing_branches": 0}, "missing_lines": [], "excluded_lines": [], "executed_branches": [], "missing_branches": []}, "FirestoreConnectionError": {"executed_lines": [], "summary": {"covered_lines": 0, "num_statements": 0, "percent_covered": 100.0, "percent_covered_display": "100", "missing_lines": 0, "excluded_lines": 0, "num_branches": 0, "num_partial_branches": 0, "covered_branches": 0, "missing_branches": 0}, "missing_lines": [], "excluded_lines": [], "executed_branches": [], "missing_branches": []}, "FirestoreClient": {"executed_lines": [89, 90, 91, 92, 95, 98, 99, 100, 103, 113, 117, 118, 119, 120, 121, 124, 125, 127, 128, 129, 130, 131, 132, 136, 137, 138, 139, 140, 143, 144, 145, 146, 147, 148, 150, 155, 159, 160, 162, 163, 168, 170, 171, 172, 173, 176, 177, 178, 184, 197, 198, 199, 209, 214, 215, 242, 244, 247, 248, 250, 252, 253, 254, 255, 257, 258, 259, 262, 263, 264, 270, 278, 279, 280, 281, 282, 283, 285, 286, 301, 303, 304, 305, 306, 307, 308, 309, 311, 312, 313, 315, 316, 317, 319, 320, 327, 328, 335, 336, 444, 445, 446, 449, 450, 451, 452, 455, 463, 474, 481, 482, 483, 484, 486, 487, 846, 847, 848, 849, 852, 853, 863, 864, 868, 869, 871, 880, 881, 882], "summary": {"covered_lines": 129, "num_statements": 296, "percent_covered": 42.36842105263158, "percent_covered_display": "42", "missing_lines": 167, "excluded_lines": 0, "num_branches": 84, "num_partial_branches": 8, "covered_branches": 32, "missing_branches": 52}, "missing_lines": [179, 180, 181, 185, 186, 210, 321, 324, 330, 331, 332, 333, 359, 361, 363, 364, 366, 367, 369, 372, 373, 376, 384, 385, 388, 389, 390, 391, 392, 394, 395, 410, 411, 412, 413, 416, 417, 420, 422, 423, 424, 425, 427, 428, 498, 520, 522, 523, 525, 526, 528, 547, 549, 566, 573, 574, 575, 576, 578, 579, 593, 594, 599, 600, 601, 602, 605, 606, 612, 614, 643, 644, 645, 650, 651, 652, 653, 654, 655, 656, 659, 660, 663, 664, 665, 666, 669, 670, 671, 672, 673, 674, 675, 677, 687, 688, 689, 690, 692, 709, 710, 711, 714, 715, 716, 717, 718, 719, 720, 723, 724, 725, 727, 728, 729, 730, 732, 749, 750, 751, 754, 755, 756, 757, 758, 759, 762, 764, 765, 767, 768, 769, 770, 772, 773, 775, 782, 783, 784, 785, 787, 801, 802, 803, 805, 806, 807, 809, 810, 811, 813, 814, 816, 818, 825, 826, 827, 828, 835, 836, 837, 838, 840, 850, 851, 854, 855], "excluded_lines": [], "executed_branches": [[118, 119], [118, 127], [119, 120], [119, 124], [136, 137], [136, 150], [138, 139], [159, 160], [159, 162], [170, 171], [170, 176], [171, 170], [171, 172], [177, 178], [184, -165], [247, 248], [247, 250], [252, 253], [252, 257], [262, 263], [280, 281], [280, 282], [304, 305], [304, 311], [306, 307], [315, 316], [315, 319], [320, 327], [327, 328], [445, 446], [445, 449], [847, 848]], "missing_branches": [[138, 150], [177, 184], [184, 185], [262, 270], [306, 311], [320, 321], [327, 335], [366, 367], [366, 369], [522, 523], [522, 525], [525, 526], [525, 528], [605, 606], [605, 614], [650, 651], [650, 659], [651, 652], [651, 659], [655, 651], [655, 656], [659, 660], [659, 663], [663, 664], [663, 665], [665, 666], [665, 669], [671, 672], [671, 677], [673, 671], [673, 674], [714, 715], [714, 723], [715, 716], [715, 723], [719, 715], [719, 720], [724, 725], [724, 732], [754, 755], [754, 762], [758, 754], [758, 759], [764, 765], [764, 767], [768, 769], [768, 772], [805, 806], [805, 818], [809, 810], [809, 816], [847, -844]]}, "FirestoreHealthDataRepository": {"executed_lines": [907, 918, 940, 942, 955, 963, 965, 966, 968, 970, 979, 985, 989, 990, 993, 995, 1019, 1021, 1023, 1024, 1032, 1033, 1041, 1042, 1051, 1061, 1066, 1067, 1068, 1069, 1071, 1098, 1100, 1104, 1105, 1108, 1112, 1113, 1114, 1118, 1128, 1129, 1130, 1144, 1145, 1147, 1149, 1153, 1159, 1165, 1166, 1172, 1177, 1186, 1190, 1194, 1195, 1196, 1198, 1210, 1212, 1220, 1226, 1228, 1229, 1230, 1231, 1233, 1247, 1249, 1252, 1253, 1254, 1255, 1258, 1265, 1272, 1276, 1277, 1278, 1279, 1281, 1286, 1290, 1292, 1293, 1294, 1296, 1298, 1299, 1300, 1301, 1305, 1306, 1307], "summary": {"covered_lines": 95, "num_statements": 115, "percent_covered": 84.1726618705036, "percent_covered_display": "84", "missing_lines": 20, "excluded_lines": 0, "num_branches": 24, "num_partial_branches": 2, "covered_branches": 22, "missing_branches": 2}, "missing_lines": [1109, 1309, 1310, 1321, 1323, 1329, 1333, 1344, 1345, 1346, 1347, 1349, 1366, 1367, 1372, 1374, 1375, 1376, 1377, 1379], "excluded_lines": [], "executed_branches": [[963, 965], [963, 985], [965, 966], [965, 968], [1023, 1024], [1023, 1032], [1032, 1033], [1032, 1041], [1041, 1042], [1041, 1051], [1104, 1105], [1104, 1108], [1108, 1112], [1147, 1149], [1147, 1165], [1252, 1253], [1252, 1258], [1253, 1254], [1253, 1258], [1254, 1255], [1293, 1294], [1293, 1296]], "missing_branches": [[1108, 1109], [1254, 1253]]}, "": {"executed_lines": [1, 17, 18, 19, 20, 21, 22, 23, 24, 25, 27, 28, 29, 30, 32, 33, 36, 39, 40, 43, 44, 47, 48, 51, 52, 55, 56, 59, 60, 71, 115, 134, 152, 153, 157, 165, 166, 188, 220, 288, 338, 397, 432, 489, 502, 534, 581, 618, 694, 734, 789, 832, 833, 844, 857, 889, 890, 900, 911, 912, 920, 997, 1086, 1132, 1200, 1235, 1283, 1284, 1288, 1303, 1312, 1357], "summary": {"covered_lines": 64, "num_statements": 64, "percent_covered": 100.0, "percent_covered_display": "100", "missing_lines": 0, "excluded_lines": 0, "num_branches": 0, "num_partial_branches": 0, "covered_branches": 0, "missing_branches": 0}, "missing_lines": [], "excluded_lines": [], "executed_branches": [], "missing_branches": []}}}, "src/clarity/storage/mock_repository.py": {"executed_lines": [1, 9, 10, 11, 12, 13, 15, 16, 18, 21, 22, 32, 34, 35, 36, 38, 47, 48, 49, 52, 53, 54, 64, 65, 66, 67, 68, 69, 70, 71, 75, 78, 86, 89, 100, 101, 102, 103, 105, 107, 117, 118, 129, 132, 133, 134, 136, 144, 145, 147, 148, 149, 150, 153, 156, 159, 160, 162, 172, 176, 177, 178, 179, 181, 185, 186, 188, 189, 196, 197, 199, 202, 203, 206, 211, 212, 214, 220, 222, 224, 226, 227, 229, 235, 236, 238, 240, 246, 247, 255, 257, 259, 261, 262, 263], "summary": {"covered_lines": 93, "num_statements": 98, "percent_covered": 92.7536231884058, "percent_covered_display": "93", "missing_lines": 5, "excluded_lines": 0, "num_branches": 40, "num_partial_branches": 5, "covered_branches": 35, "missing_branches": 5}, "missing_lines": [151, 216, 217, 218, 249], "excluded_lines": [], "executed_branches": [[48, 49], [48, 52], [53, 54], [53, 78], [64, 65], [64, 66], [66, 67], [66, 68], [68, 69], [68, 70], [70, 71], [70, 75], [117, 118], [117, 129], [133, 134], [133, 156], [134, 133], [134, 136], [144, 145], [144, 147], [148, 149], [148, 150], [150, 153], [177, 178], [177, 179], [186, 188], [186, 202], [188, 189], [196, 197], [202, 203], [202, 206], [211, 212], [211, 214], [226, 227], [246, 247]], "missing_branches": [[150, 151], [188, 196], [196, 199], [226, 229], [246, 249]], "functions": {"MockHealthDataRepository.__init__": {"executed_lines": [34, 35, 36], "summary": {"covered_lines": 3, "num_statements": 3, "percent_covered": 100.0, "percent_covered_display": "100", "missing_lines": 0, "excluded_lines": 0, "num_branches": 0, "num_partial_branches": 0, "covered_branches": 0, "missing_branches": 0}, "missing_lines": [], "excluded_lines": [], "executed_branches": [], "missing_branches": []}, "MockHealthDataRepository.save_health_data": {"executed_lines": [47, 48, 49, 52, 53, 54, 64, 65, 66, 67, 68, 69, 70, 71, 75, 78, 86, 89, 100, 101, 102, 103, 105], "summary": {"covered_lines": 23, "num_statements": 23, "percent_covered": 100.0, "percent_covered_display": "100", "missing_lines": 0, "excluded_lines": 0, "num_branches": 12, "num_partial_branches": 0, "covered_branches": 12, "missing_branches": 0}, "missing_lines": [], "excluded_lines": [], "executed_branches": [[48, 49], [48, 52], [53, 54], [53, 78], [64, 65], [64, 66], [66, 67], [66, 68], [68, 69], [68, 70], [70, 71], [70, 75]], "missing_branches": []}, "MockHealthDataRepository.get_user_health_data": {"executed_lines": [117, 118, 129, 132, 133, 134, 136, 144, 145, 147, 148, 149, 150, 153, 156, 159, 160, 162], "summary": {"covered_lines": 18, "num_statements": 19, "percent_covered": 93.54838709677419, "percent_covered_display": "94", "missing_lines": 1, "excluded_lines": 0, "num_branches": 12, "num_partial_branches": 1, "covered_branches": 11, "missing_branches": 1}, "missing_lines": [151], "excluded_lines": [], "executed_branches": [[117, 118], [117, 129], [133, 134], [133, 156], [134, 133], [134, 136], [144, 145], [144, 147], [148, 149], [148, 150], [150, 153]], "missing_branches": [[150, 151]]}, "MockHealthDataRepository.get_processing_status": {"executed_lines": [176, 177, 178, 179], "summary": {"covered_lines": 4, "num_statements": 4, "percent_covered": 100.0, "percent_covered_display": "100", "missing_lines": 0, "excluded_lines": 0, "num_branches": 2, "num_partial_branches": 0, "covered_branches": 2, "missing_branches": 0}, "missing_lines": [], "excluded_lines": [], "executed_branches": [[177, 178], [177, 179]], "missing_branches": []}, "MockHealthDataRepository.delete_health_data": {"executed_lines": [185, 186, 188, 189, 196, 197, 199, 202, 203, 206, 211, 212, 214, 220], "summary": {"covered_lines": 14, "num_statements": 17, "percent_covered": 81.48148148148148, "percent_covered_display": "81", "missing_lines": 3, "excluded_lines": 0, "num_branches": 10, "num_partial_branches": 2, "covered_branches": 8, "missing_branches": 2}, "missing_lines": [216, 217, 218], "excluded_lines": [], "executed_branches": [[186, 188], [186, 202], [188, 189], [196, 197], [202, 203], [202, 206], [211, 212], [211, 214]], "missing_branches": [[188, 196], [196, 199]]}, "MockHealthDataRepository.save_data": {"executed_lines": [224, 226, 227, 229, 235, 236, 238], "summary": {"covered_lines": 7, "num_statements": 7, "percent_covered": 88.88888888888889, "percent_covered_display": "89", "missing_lines": 0, "excluded_lines": 0, "num_branches": 2, "num_partial_branches": 1, "covered_branches": 1, "missing_branches": 1}, "missing_lines": [], "excluded_lines": [], "executed_branches": [[226, 227]], "missing_branches": [[226, 229]]}, "MockHealthDataRepository.get_data": {"executed_lines": [246, 247], "summary": {"covered_lines": 2, "num_statements": 3, "percent_covered": 60.0, "percent_covered_display": "60", "missing_lines": 1, "excluded_lines": 0, "num_branches": 2, "num_partial_branches": 1, "covered_branches": 1, "missing_branches": 1}, "missing_lines": [249], "excluded_lines": [], "executed_branches": [[246, 247]], "missing_branches": [[246, 249]]}, "MockHealthDataRepository.initialize": {"executed_lines": [257], "summary": {"covered_lines": 1, "num_statements": 1, "percent_covered": 100.0, "percent_covered_display": "100", "missing_lines": 0, "excluded_lines": 0, "num_branches": 0, "num_partial_branches": 0, "covered_branches": 0, "missing_branches": 0}, "missing_lines": [], "excluded_lines": [], "executed_branches": [], "missing_branches": []}, "MockHealthDataRepository.cleanup": {"executed_lines": [261, 262, 263], "summary": {"covered_lines": 3, "num_statements": 3, "percent_covered": 100.0, "percent_covered_display": "100", "missing_lines": 0, "excluded_lines": 0, "num_branches": 0, "num_partial_branches": 0, "covered_branches": 0, "missing_branches": 0}, "missing_lines": [], "excluded_lines": [], "executed_branches": [], "missing_branches": []}, "": {"executed_lines": [1, 9, 10, 11, 12, 13, 15, 16, 18, 21, 22, 32, 38, 107, 172, 181, 222, 240, 255, 259], "summary": {"covered_lines": 18, "num_statements": 18, "percent_covered": 100.0, "percent_covered_display": "100", "missing_lines": 0, "excluded_lines": 0, "num_branches": 0, "num_partial_branches": 0, "covered_branches": 0, "missing_branches": 0}, "missing_lines": [], "excluded_lines": [], "executed_branches": [], "missing_branches": []}}, "classes": {"MockHealthDataRepository": {"executed_lines": [34, 35, 36, 47, 48, 49, 52, 53, 54, 64, 65, 66, 67, 68, 69, 70, 71, 75, 78, 86, 89, 100, 101, 102, 103, 105, 117, 118, 129, 132, 133, 134, 136, 144, 145, 147, 148, 149, 150, 153, 156, 159, 160, 162, 176, 177, 178, 179, 185, 186, 188, 189, 196, 197, 199, 202, 203, 206, 211, 212, 214, 220, 224, 226, 227, 229, 235, 236, 238, 246, 247, 257, 261, 262, 263], "summary": {"covered_lines": 75, "num_statements": 80, "percent_covered": 91.66666666666667, "percent_covered_display": "92", "missing_lines": 5, "excluded_lines": 0, "num_branches": 40, "num_partial_branches": 5, "covered_branches": 35, "missing_branches": 5}, "missing_lines": [151, 216, 217, 218, 249], "excluded_lines": [], "executed_branches": [[48, 49], [48, 52], [53, 54], [53, 78], [64, 65], [64, 66], [66, 67], [66, 68], [68, 69], [68, 70], [70, 71], [70, 75], [117, 118], [117, 129], [133, 134], [133, 156], [134, 133], [134, 136], [144, 145], [144, 147], [148, 149], [148, 150], [150, 153], [177, 178], [177, 179], [186, 188], [186, 202], [188, 189], [196, 197], [202, 203], [202, 206], [211, 212], [211, 214], [226, 227], [246, 247]], "missing_branches": [[150, 151], [188, 196], [196, 199], [226, 229], [246, 249]]}, "": {"executed_lines": [1, 9, 10, 11, 12, 13, 15, 16, 18, 21, 22, 32, 38, 107, 172, 181, 222, 240, 255, 259], "summary": {"covered_lines": 18, "num_statements": 18, "percent_covered": 100.0, "percent_covered_display": "100", "missing_lines": 0, "excluded_lines": 0, "num_branches": 0, "num_partial_branches": 0, "covered_branches": 0, "missing_branches": 0}, "missing_lines": [], "excluded_lines": [], "executed_branches": [], "missing_branches": []}}}, "src/clarity/utils/__init__.py": {"executed_lines": [], "summary": {"covered_lines": 0, "num_statements": 0, "percent_covered": 100.0, "percent_covered_display": "100", "missing_lines": 0, "excluded_lines": 0, "num_branches": 0, "num_partial_branches": 0, "covered_branches": 0, "missing_branches": 0}, "missing_lines": [], "excluded_lines": [], "executed_branches": [], "missing_branches": [], "functions": {"": {"executed_lines": [], "summary": {"covered_lines": 0, "num_statements": 0, "percent_covered": 100.0, "percent_covered_display": "100", "missing_lines": 0, "excluded_lines": 0, "num_branches": 0, "num_partial_branches": 0, "covered_branches": 0, "missing_branches": 0}, "missing_lines": [], "excluded_lines": [], "executed_branches": [], "missing_branches": []}}, "classes": {"": {"executed_lines": [], "summary": {"covered_lines": 0, "num_statements": 0, "percent_covered": 100.0, "percent_covered_display": "100", "missing_lines": 0, "excluded_lines": 0, "num_branches": 0, "num_partial_branches": 0, "covered_branches": 0, "missing_branches": 0}, "missing_lines": [], "excluded_lines": [], "executed_branches": [], "missing_branches": []}}}, "src/clarity/utils/decorators.py": {"executed_lines": [1, 3, 4, 5, 6, 8, 12, 14, 17, 18, 20, 24, 27, 30, 34, 35, 38, 54, 56, 60, 61, 63, 65, 66, 71, 73, 76, 77, 85, 86, 88, 90], "summary": {"covered_lines": 31, "num_statements": 41, "percent_covered": 74.4186046511628, "percent_covered_display": "74", "missing_lines": 10, "excluded_lines": 0, "num_branches": 2, "num_partial_branches": 1, "covered_branches": 1, "missing_branches": 1}, "missing_lines": [21, 22, 67, 68, 69, 70, 80, 81, 82, 83], "excluded_lines": [], "executed_branches": [[73, 76]], "missing_branches": [[73, 80]], "functions": {"resilient_prediction": {"executed_lines": [54, 90], "summary": {"covered_lines": 2, "num_statements": 2, "percent_covered": 100.0, "percent_covered_display": "100", "missing_lines": 0, "excluded_lines": 0, "num_branches": 0, "num_partial_branches": 0, "covered_branches": 0, "missing_branches": 0}, "missing_lines": [], "excluded_lines": [], "executed_branches": [], "missing_branches": []}, "resilient_prediction.decorator": {"executed_lines": [56, 60, 61, 88], "summary": {"covered_lines": 4, "num_statements": 4, "percent_covered": 100.0, "percent_covered_display": "100", "missing_lines": 0, "excluded_lines": 0, "num_branches": 0, "num_partial_branches": 0, "covered_branches": 0, "missing_branches": 0}, "missing_lines": [], "excluded_lines": [], "executed_branches": [], "missing_branches": []}, "resilient_prediction.decorator.wrapper": {"executed_lines": [63, 65, 66, 71, 73, 76, 77, 85, 86], "summary": {"covered_lines": 9, "num_statements": 17, "percent_covered": 52.63157894736842, "percent_covered_display": "53", "missing_lines": 8, "excluded_lines": 0, "num_branches": 2, "num_partial_branches": 1, "covered_branches": 1, "missing_branches": 1}, "missing_lines": [67, 68, 69, 70, 80, 81, 82, 83], "excluded_lines": [], "executed_branches": [[73, 76]], "missing_branches": [[73, 80]]}, "": {"executed_lines": [1, 3, 4, 5, 6, 8, 12, 14, 17, 18, 20, 24, 27, 30, 34, 35, 38], "summary": {"covered_lines": 16, "num_statements": 18, "percent_covered": 88.88888888888889, "percent_covered_display": "89", "missing_lines": 2, "excluded_lines": 0, "num_branches": 0, "num_partial_branches": 0, "covered_branches": 0, "missing_branches": 0}, "missing_lines": [21, 22], "excluded_lines": [], "executed_branches": [], "missing_branches": []}}, "classes": {"": {"executed_lines": [1, 3, 4, 5, 6, 8, 12, 14, 17, 18, 20, 24, 27, 30, 34, 35, 38, 54, 56, 60, 61, 63, 65, 66, 71, 73, 76, 77, 85, 86, 88, 90], "summary": {"covered_lines": 31, "num_statements": 41, "percent_covered": 74.4186046511628, "percent_covered_display": "74", "missing_lines": 10, "excluded_lines": 0, "num_branches": 2, "num_partial_branches": 1, "covered_branches": 1, "missing_branches": 1}, "missing_lines": [21, 22, 67, 68, 69, 70, 80, 81, 82, 83], "excluded_lines": [], "executed_branches": [[73, 76]], "missing_branches": [[73, 80]]}}}}, "totals": {"covered_lines": 5664, "num_statements": 7682, "percent_covered": 70.69565217391305, "percent_covered_display": "71", "missing_lines": 2018, "excluded_lines": 428, "num_branches": 1518, "num_partial_branches": 240, "covered_branches": 840, "missing_branches": 678}}